CRITICAL - 2023-08-25 05:36:10 --> syntax error, unexpected token ".", expecting ";"
in APPPATH\Controllers\Dashboard.php on line 32.
 1 SYSTEMPATH\Router\Router.php(510): CodeIgniter\Router\AutoRouter->getRoute('Dashboard', 'get')
 2 SYSTEMPATH\Router\Router.php(208): CodeIgniter\Router\Router->autoRoute('Dashboard')
 3 SYSTEMPATH\CodeIgniter.php(813): CodeIgniter\Router\Router->handle('Dashboard')
 4 SYSTEMPATH\CodeIgniter.php(447): CodeIgniter\CodeIgniter->tryToRouteIt(Object(CodeIgniter\Router\RouteCollection))
 5 SYSTEMPATH\CodeIgniter.php(366): CodeIgniter\CodeIgniter->handleRequest(null, Object(Config\Cache), false)
 6 FCPATH\index.php(67): CodeIgniter\CodeIgniter->run()
CRITICAL - 2023-08-25 05:36:19 --> syntax error, unexpected token ".", expecting ";"
in APPPATH\Controllers\Dashboard.php on line 32.
 1 SYSTEMPATH\Router\Router.php(510): CodeIgniter\Router\AutoRouter->getRoute('Dashboard', 'get')
 2 SYSTEMPATH\Router\Router.php(208): CodeIgniter\Router\Router->autoRoute('Dashboard')
 3 SYSTEMPATH\CodeIgniter.php(813): CodeIgniter\Router\Router->handle('Dashboard')
 4 SYSTEMPATH\CodeIgniter.php(447): CodeIgniter\CodeIgniter->tryToRouteIt(Object(CodeIgniter\Router\RouteCollection))
 5 SYSTEMPATH\CodeIgniter.php(366): CodeIgniter\CodeIgniter->handleRequest(null, Object(Config\Cache), false)
 6 FCPATH\index.php(67): CodeIgniter\CodeIgniter->run()
CRITICAL - 2023-08-25 05:36:49 --> syntax error, unexpected token ".", expecting ";"
in APPPATH\Controllers\Dashboard.php on line 32.
 1 SYSTEMPATH\Router\Router.php(510): CodeIgniter\Router\AutoRouter->getRoute('Dashboard', 'get')
 2 SYSTEMPATH\Router\Router.php(208): CodeIgniter\Router\Router->autoRoute('Dashboard')
 3 SYSTEMPATH\CodeIgniter.php(813): CodeIgniter\Router\Router->handle('Dashboard')
 4 SYSTEMPATH\CodeIgniter.php(447): CodeIgniter\CodeIgniter->tryToRouteIt(Object(CodeIgniter\Router\RouteCollection))
 5 SYSTEMPATH\CodeIgniter.php(366): CodeIgniter\CodeIgniter->handleRequest(null, Object(Config\Cache), false)
 6 FCPATH\index.php(67): CodeIgniter\CodeIgniter->run()
CRITICAL - 2023-08-25 05:36:50 --> syntax error, unexpected token ".", expecting ";"
in APPPATH\Controllers\Dashboard.php on line 32.
 1 SYSTEMPATH\Router\Router.php(510): CodeIgniter\Router\AutoRouter->getRoute('Dashboard', 'get')
 2 SYSTEMPATH\Router\Router.php(208): CodeIgniter\Router\Router->autoRoute('Dashboard')
 3 SYSTEMPATH\CodeIgniter.php(813): CodeIgniter\Router\Router->handle('Dashboard')
 4 SYSTEMPATH\CodeIgniter.php(447): CodeIgniter\CodeIgniter->tryToRouteIt(Object(CodeIgniter\Router\RouteCollection))
 5 SYSTEMPATH\CodeIgniter.php(366): CodeIgniter\CodeIgniter->handleRequest(null, Object(Config\Cache), false)
 6 FCPATH\index.php(67): CodeIgniter\CodeIgniter->run()
CRITICAL - 2023-08-25 07:38:45 --> include(Admin/Footer.php): Failed to open stream: No such file or directory
in APPPATH\Views\Admin\Dashboard.php on line 1897.
 1 APPPATH\Views\Admin\Dashboard.php(1897): CodeIgniter\Debug\Exceptions->errorHandler(2, 'include(Admin/Footer.php): Failed to open stream: No such file or directory', 'C:\\xampp2\\htdocs\\codeigniter4\\app\\Views\\Admin\\Dashboard.php', 1897)
 2 APPPATH\Views\Admin\Dashboard.php(1897): include()
 3 SYSTEMPATH\View\View.php(224): include('C:\\xampp2\\htdocs\\codeigniter4\\app\\Views\\Admin\\Dashboard.php')
 4 SYSTEMPATH\View\View.php(227): CodeIgniter\View\View->CodeIgniter\View\{closure}()
 5 SYSTEMPATH\Common.php(1176): CodeIgniter\View\View->render('Admin/Dashboard', [], true)
 6 APPPATH\Controllers\Dashboard.php(11): view('Admin/Dashboard')
 7 SYSTEMPATH\CodeIgniter.php(932): App\Controllers\Dashboard->index()
 8 SYSTEMPATH\CodeIgniter.php(497): CodeIgniter\CodeIgniter->runController(Object(App\Controllers\Dashboard))
 9 SYSTEMPATH\CodeIgniter.php(366): CodeIgniter\CodeIgniter->handleRequest(null, Object(Config\Cache), false)
10 FCPATH\index.php(67): CodeIgniter\CodeIgniter->run()
CRITICAL - 2023-08-25 07:39:04 --> include(Admin/Footer.php): Failed to open stream: No such file or directory
in APPPATH\Views\Admin\Dashboard.php on line 1897.
 1 APPPATH\Views\Admin\Dashboard.php(1897): CodeIgniter\Debug\Exceptions->errorHandler(2, 'include(Admin/Footer.php): Failed to open stream: No such file or directory', 'C:\\xampp2\\htdocs\\codeigniter4\\app\\Views\\Admin\\Dashboard.php', 1897)
 2 APPPATH\Views\Admin\Dashboard.php(1897): include()
 3 SYSTEMPATH\View\View.php(224): include('C:\\xampp2\\htdocs\\codeigniter4\\app\\Views\\Admin\\Dashboard.php')
 4 SYSTEMPATH\View\View.php(227): CodeIgniter\View\View->CodeIgniter\View\{closure}()
 5 SYSTEMPATH\Common.php(1176): CodeIgniter\View\View->render('Admin/Dashboard', [], true)
 6 APPPATH\Controllers\Dashboard.php(11): view('Admin/Dashboard')
 7 SYSTEMPATH\CodeIgniter.php(932): App\Controllers\Dashboard->index()
 8 SYSTEMPATH\CodeIgniter.php(497): CodeIgniter\CodeIgniter->runController(Object(App\Controllers\Dashboard))
 9 SYSTEMPATH\CodeIgniter.php(366): CodeIgniter\CodeIgniter->handleRequest(null, Object(Config\Cache), false)
10 FCPATH\index.php(67): CodeIgniter\CodeIgniter->run()
CRITICAL - 2023-08-25 08:43:08 --> Invalid file: "Admin/Addusers.php"
in SYSTEMPATH\Exceptions\FrameworkException.php on line 33.
 1 SYSTEMPATH\View\View.php(212): CodeIgniter\Exceptions\FrameworkException::forInvalidFile('Admin/Addusers.php')
 2 SYSTEMPATH\Common.php(1176): CodeIgniter\View\View->render('Admin/Addusers', [], true)
 3 APPPATH\Controllers\Users.php(14): view('Admin/Addusers')
 4 SYSTEMPATH\CodeIgniter.php(932): App\Controllers\Users->Addusers()
 5 SYSTEMPATH\CodeIgniter.php(497): CodeIgniter\CodeIgniter->runController(Object(App\Controllers\Users))
 6 SYSTEMPATH\CodeIgniter.php(366): CodeIgniter\CodeIgniter->handleRequest(null, Object(Config\Cache), false)
 7 FCPATH\index.php(67): CodeIgniter\CodeIgniter->run()
CRITICAL - 2023-08-25 08:43:10 --> Invalid file: "Admin/Addusers.php"
in SYSTEMPATH\Exceptions\FrameworkException.php on line 33.
 1 SYSTEMPATH\View\View.php(212): CodeIgniter\Exceptions\FrameworkException::forInvalidFile('Admin/Addusers.php')
 2 SYSTEMPATH\Common.php(1176): CodeIgniter\View\View->render('Admin/Addusers', [], true)
 3 APPPATH\Controllers\Users.php(14): view('Admin/Addusers')
 4 SYSTEMPATH\CodeIgniter.php(932): App\Controllers\Users->Addusers()
 5 SYSTEMPATH\CodeIgniter.php(497): CodeIgniter\CodeIgniter->runController(Object(App\Controllers\Users))
 6 SYSTEMPATH\CodeIgniter.php(366): CodeIgniter\CodeIgniter->handleRequest(null, Object(Config\Cache), false)
 7 FCPATH\index.php(67): CodeIgniter\CodeIgniter->run()
CRITICAL - 2023-08-25 08:44:18 --> Invalid file: "Admin/Addusers.php"
in SYSTEMPATH\Exceptions\FrameworkException.php on line 33.
 1 SYSTEMPATH\View\View.php(212): CodeIgniter\Exceptions\FrameworkException::forInvalidFile('Admin/Addusers.php')
 2 SYSTEMPATH\Common.php(1176): CodeIgniter\View\View->render('Admin/Addusers', [], true)
 3 APPPATH\Controllers\Users.php(14): view('Admin/Addusers')
 4 SYSTEMPATH\CodeIgniter.php(932): App\Controllers\Users->Addusers()
 5 SYSTEMPATH\CodeIgniter.php(497): CodeIgniter\CodeIgniter->runController(Object(App\Controllers\Users))
 6 SYSTEMPATH\CodeIgniter.php(366): CodeIgniter\CodeIgniter->handleRequest(null, Object(Config\Cache), false)
 7 FCPATH\index.php(67): CodeIgniter\CodeIgniter->run()
CRITICAL - 2023-08-25 08:44:23 --> Invalid file: "Admin/Addusers.php"
in SYSTEMPATH\Exceptions\FrameworkException.php on line 33.
 1 SYSTEMPATH\View\View.php(212): CodeIgniter\Exceptions\FrameworkException::forInvalidFile('Admin/Addusers.php')
 2 SYSTEMPATH\Common.php(1176): CodeIgniter\View\View->render('Admin/Addusers', [], true)
 3 APPPATH\Controllers\Users.php(14): view('Admin/Addusers')
 4 SYSTEMPATH\CodeIgniter.php(932): App\Controllers\Users->Addusers()
 5 SYSTEMPATH\CodeIgniter.php(497): CodeIgniter\CodeIgniter->runController(Object(App\Controllers\Users))
 6 SYSTEMPATH\CodeIgniter.php(366): CodeIgniter\CodeIgniter->handleRequest(null, Object(Config\Cache), false)
 7 FCPATH\index.php(67): CodeIgniter\CodeIgniter->run()
ERROR - 2023-08-25 13:47:45 --> Error connecting to the database: mysqli_sql_exception: Unknown database 'ci4r' in C:\xampp2\htdocs\codeigniter4\system\Database\MySQLi\Connection.php:174
Stack trace:
#0 C:\xampp2\htdocs\codeigniter4\system\Database\MySQLi\Connection.php(174): mysqli->real_connect('localhost', 'root', '', 'ci4r', 3306, '', 0)
#1 C:\xampp2\htdocs\codeigniter4\system\Database\BaseConnection.php(391): CodeIgniter\Database\MySQLi\Connection->connect(false)
#2 C:\xampp2\htdocs\codeigniter4\system\Database\BaseConnection.php(574): CodeIgniter\Database\BaseConnection->initialize()
#3 C:\xampp2\htdocs\codeigniter4\app\Controllers\Users.php(11): CodeIgniter\Database\BaseConnection->query('select * from u...')
#4 C:\xampp2\htdocs\codeigniter4\system\CodeIgniter.php(932): App\Controllers\Users->index()
#5 C:\xampp2\htdocs\codeigniter4\system\CodeIgniter.php(497): CodeIgniter\CodeIgniter->runController(Object(App\Controllers\Users))
#6 C:\xampp2\htdocs\codeigniter4\system\CodeIgniter.php(366): CodeIgniter\CodeIgniter->handleRequest(NULL, Object(Config\Cache), false)
#7 C:\xampp2\htdocs\codeigniter4\index.php(67): CodeIgniter\CodeIgniter->run()
#8 {main}

Next CodeIgniter\Database\Exceptions\DatabaseException: Unknown database 'ci4r' in C:\xampp2\htdocs\codeigniter4\system\Database\MySQLi\Connection.php:218
Stack trace:
#0 C:\xampp2\htdocs\codeigniter4\system\Database\BaseConnection.php(391): CodeIgniter\Database\MySQLi\Connection->connect(false)
#1 C:\xampp2\htdocs\codeigniter4\system\Database\BaseConnection.php(574): CodeIgniter\Database\BaseConnection->initialize()
#2 C:\xampp2\htdocs\codeigniter4\app\Controllers\Users.php(11): CodeIgniter\Database\BaseConnection->query('select * from u...')
#3 C:\xampp2\htdocs\codeigniter4\system\CodeIgniter.php(932): App\Controllers\Users->index()
#4 C:\xampp2\htdocs\codeigniter4\system\CodeIgniter.php(497): CodeIgniter\CodeIgniter->runController(Object(App\Controllers\Users))
#5 C:\xampp2\htdocs\codeigniter4\system\CodeIgniter.php(366): CodeIgniter\CodeIgniter->handleRequest(NULL, Object(Config\Cache), false)
#6 C:\xampp2\htdocs\codeigniter4\index.php(67): CodeIgniter\CodeIgniter->run()
#7 {main}
CRITICAL - 2023-08-25 13:47:45 --> Unable to connect to the database.
Main connection [MySQLi]: Unknown database 'ci4r'
in SYSTEMPATH\Database\BaseConnection.php on line 427.
 1 SYSTEMPATH\Database\BaseConnection.php(574): CodeIgniter\Database\BaseConnection->initialize()
 2 APPPATH\Controllers\Users.php(11): CodeIgniter\Database\BaseConnection->query('select * from users')
 3 SYSTEMPATH\CodeIgniter.php(932): App\Controllers\Users->index()
 4 SYSTEMPATH\CodeIgniter.php(497): CodeIgniter\CodeIgniter->runController(Object(App\Controllers\Users))
 5 SYSTEMPATH\CodeIgniter.php(366): CodeIgniter\CodeIgniter->handleRequest(null, Object(Config\Cache), false)
 6 FCPATH\index.php(67): CodeIgniter\CodeIgniter->run()
ERROR - 2023-08-25 13:47:58 --> Error connecting to the database: mysqli_sql_exception: Access denied for user 'rot'@'localhost' (using password: NO) in C:\xampp2\htdocs\codeigniter4\system\Database\MySQLi\Connection.php:174
Stack trace:
#0 C:\xampp2\htdocs\codeigniter4\system\Database\MySQLi\Connection.php(174): mysqli->real_connect('localhost', 'rot', '', 'ci4', 3306, '', 0)
#1 C:\xampp2\htdocs\codeigniter4\system\Database\BaseConnection.php(391): CodeIgniter\Database\MySQLi\Connection->connect(false)
#2 C:\xampp2\htdocs\codeigniter4\system\Database\BaseConnection.php(574): CodeIgniter\Database\BaseConnection->initialize()
#3 C:\xampp2\htdocs\codeigniter4\app\Controllers\Users.php(11): CodeIgniter\Database\BaseConnection->query('select * from u...')
#4 C:\xampp2\htdocs\codeigniter4\system\CodeIgniter.php(932): App\Controllers\Users->index()
#5 C:\xampp2\htdocs\codeigniter4\system\CodeIgniter.php(497): CodeIgniter\CodeIgniter->runController(Object(App\Controllers\Users))
#6 C:\xampp2\htdocs\codeigniter4\system\CodeIgniter.php(366): CodeIgniter\CodeIgniter->handleRequest(NULL, Object(Config\Cache), false)
#7 C:\xampp2\htdocs\codeigniter4\index.php(67): CodeIgniter\CodeIgniter->run()
#8 {main}

Next CodeIgniter\Database\Exceptions\DatabaseException: Access denied for user '****'@'localhost' (using password: NO) in C:\xampp2\htdocs\codeigniter4\system\Database\MySQLi\Connection.php:218
Stack trace:
#0 C:\xampp2\htdocs\codeigniter4\system\Database\BaseConnection.php(391): CodeIgniter\Database\MySQLi\Connection->connect(false)
#1 C:\xampp2\htdocs\codeigniter4\system\Database\BaseConnection.php(574): CodeIgniter\Database\BaseConnection->initialize()
#2 C:\xampp2\htdocs\codeigniter4\app\Controllers\Users.php(11): CodeIgniter\Database\BaseConnection->query('select * from u...')
#3 C:\xampp2\htdocs\codeigniter4\system\CodeIgniter.php(932): App\Controllers\Users->index()
#4 C:\xampp2\htdocs\codeigniter4\system\CodeIgniter.php(497): CodeIgniter\CodeIgniter->runController(Object(App\Controllers\Users))
#5 C:\xampp2\htdocs\codeigniter4\system\CodeIgniter.php(366): CodeIgniter\CodeIgniter->handleRequest(NULL, Object(Config\Cache), false)
#6 C:\xampp2\htdocs\codeigniter4\index.php(67): CodeIgniter\CodeIgniter->run()
#7 {main}
CRITICAL - 2023-08-25 13:47:58 --> Unable to connect to the database.
Main connection [MySQLi]: Access denied for user '****'@'localhost' (using password: NO)
in SYSTEMPATH\Database\BaseConnection.php on line 427.
 1 SYSTEMPATH\Database\BaseConnection.php(574): CodeIgniter\Database\BaseConnection->initialize()
 2 APPPATH\Controllers\Users.php(11): CodeIgniter\Database\BaseConnection->query('select * from users')
 3 SYSTEMPATH\CodeIgniter.php(932): App\Controllers\Users->index()
 4 SYSTEMPATH\CodeIgniter.php(497): CodeIgniter\CodeIgniter->runController(Object(App\Controllers\Users))
 5 SYSTEMPATH\CodeIgniter.php(366): CodeIgniter\CodeIgniter->handleRequest(null, Object(Config\Cache), false)
 6 FCPATH\index.php(67): CodeIgniter\CodeIgniter->run()
CRITICAL - 2023-08-25 13:49:49 --> var_dump() expects at least 1 argument, 0 given
in APPPATH\Controllers\Users.php on line 12.
 1 APPPATH\Controllers\Users.php(12): var_dump([...])
 2 SYSTEMPATH\CodeIgniter.php(932): App\Controllers\Users->index()
 3 SYSTEMPATH\CodeIgniter.php(497): CodeIgniter\CodeIgniter->runController(Object(App\Controllers\Users))
 4 SYSTEMPATH\CodeIgniter.php(366): CodeIgniter\CodeIgniter->handleRequest(null, Object(Config\Cache), false)
 5 FCPATH\index.php(67): CodeIgniter\CodeIgniter->run()
CRITICAL - 2023-08-25 14:45:07 --> Class "App\Model\UsersModel" not found
in APPPATH\Controllers\Users.php on line 10.
 1 SYSTEMPATH\CodeIgniter.php(932): App\Controllers\Users->index()
 2 SYSTEMPATH\CodeIgniter.php(497): CodeIgniter\CodeIgniter->runController(Object(App\Controllers\Users))
 3 SYSTEMPATH\CodeIgniter.php(366): CodeIgniter\CodeIgniter->handleRequest(null, Object(Config\Cache), false)
 4 FCPATH\index.php(67): CodeIgniter\CodeIgniter->run()
CRITICAL - 2023-08-25 14:45:36 --> Class "App\Model\UsersModel" not found
in APPPATH\Controllers\Users.php on line 10.
 1 SYSTEMPATH\CodeIgniter.php(932): App\Controllers\Users->index()
 2 SYSTEMPATH\CodeIgniter.php(497): CodeIgniter\CodeIgniter->runController(Object(App\Controllers\Users))
 3 SYSTEMPATH\CodeIgniter.php(366): CodeIgniter\CodeIgniter->handleRequest(null, Object(Config\Cache), false)
 4 FCPATH\index.php(67): CodeIgniter\CodeIgniter->run()
CRITICAL - 2023-08-25 14:47:14 --> Class "App\Model\UsersModel" not found
in APPPATH\Controllers\Users.php on line 10.
 1 SYSTEMPATH\CodeIgniter.php(932): App\Controllers\Users->index()
 2 SYSTEMPATH\CodeIgniter.php(497): CodeIgniter\CodeIgniter->runController(Object(App\Controllers\Users))
 3 SYSTEMPATH\CodeIgniter.php(366): CodeIgniter\CodeIgniter->handleRequest(null, Object(Config\Cache), false)
 4 FCPATH\index.php(67): CodeIgniter\CodeIgniter->run()
CRITICAL - 2023-08-25 14:47:27 --> Class "App\Model\UsersModel" not found
in APPPATH\Controllers\Users.php on line 10.
 1 SYSTEMPATH\CodeIgniter.php(932): App\Controllers\Users->index()
 2 SYSTEMPATH\CodeIgniter.php(497): CodeIgniter\CodeIgniter->runController(Object(App\Controllers\Users))
 3 SYSTEMPATH\CodeIgniter.php(366): CodeIgniter\CodeIgniter->handleRequest(null, Object(Config\Cache), false)
 4 FCPATH\index.php(67): CodeIgniter\CodeIgniter->run()
CRITICAL - 2023-08-25 14:47:36 --> Class "App\Model\UsersModel" not found
in APPPATH\Controllers\Users.php on line 10.
 1 SYSTEMPATH\CodeIgniter.php(932): App\Controllers\Users->index()
 2 SYSTEMPATH\CodeIgniter.php(497): CodeIgniter\CodeIgniter->runController(Object(App\Controllers\Users))
 3 SYSTEMPATH\CodeIgniter.php(366): CodeIgniter\CodeIgniter->handleRequest(null, Object(Config\Cache), false)
 4 FCPATH\index.php(67): CodeIgniter\CodeIgniter->run()
CRITICAL - 2023-08-25 14:54:35 --> Class "App\Model\UsersModel" not found
in APPPATH\Controllers\Users.php on line 10.
 1 SYSTEMPATH\CodeIgniter.php(932): App\Controllers\Users->index()
 2 SYSTEMPATH\CodeIgniter.php(497): CodeIgniter\CodeIgniter->runController(Object(App\Controllers\Users))
 3 SYSTEMPATH\CodeIgniter.php(366): CodeIgniter\CodeIgniter->handleRequest(null, Object(Config\Cache), false)
 4 FCPATH\index.php(67): CodeIgniter\CodeIgniter->run()
CRITICAL - 2023-08-25 14:54:36 --> Class "App\Model\UsersModel" not found
in APPPATH\Controllers\Users.php on line 10.
 1 SYSTEMPATH\CodeIgniter.php(932): App\Controllers\Users->index()
 2 SYSTEMPATH\CodeIgniter.php(497): CodeIgniter\CodeIgniter->runController(Object(App\Controllers\Users))
 3 SYSTEMPATH\CodeIgniter.php(366): CodeIgniter\CodeIgniter->handleRequest(null, Object(Config\Cache), false)
 4 FCPATH\index.php(67): CodeIgniter\CodeIgniter->run()
CRITICAL - 2023-08-25 14:54:36 --> Class "App\Model\UsersModel" not found
in APPPATH\Controllers\Users.php on line 10.
 1 SYSTEMPATH\CodeIgniter.php(932): App\Controllers\Users->index()
 2 SYSTEMPATH\CodeIgniter.php(497): CodeIgniter\CodeIgniter->runController(Object(App\Controllers\Users))
 3 SYSTEMPATH\CodeIgniter.php(366): CodeIgniter\CodeIgniter->handleRequest(null, Object(Config\Cache), false)
 4 FCPATH\index.php(67): CodeIgniter\CodeIgniter->run()
CRITICAL - 2023-08-25 14:54:36 --> Class "App\Model\UsersModel" not found
in APPPATH\Controllers\Users.php on line 10.
 1 SYSTEMPATH\CodeIgniter.php(932): App\Controllers\Users->index()
 2 SYSTEMPATH\CodeIgniter.php(497): CodeIgniter\CodeIgniter->runController(Object(App\Controllers\Users))
 3 SYSTEMPATH\CodeIgniter.php(366): CodeIgniter\CodeIgniter->handleRequest(null, Object(Config\Cache), false)
 4 FCPATH\index.php(67): CodeIgniter\CodeIgniter->run()
CRITICAL - 2023-08-25 14:55:10 --> Class "App\Model\UsersModel" not found
in APPPATH\Controllers\Users.php on line 10.
 1 SYSTEMPATH\CodeIgniter.php(932): App\Controllers\Users->index()
 2 SYSTEMPATH\CodeIgniter.php(497): CodeIgniter\CodeIgniter->runController(Object(App\Controllers\Users))
 3 SYSTEMPATH\CodeIgniter.php(366): CodeIgniter\CodeIgniter->handleRequest(null, Object(Config\Cache), false)
 4 FCPATH\index.php(67): CodeIgniter\CodeIgniter->run()
CRITICAL - 2023-08-25 14:55:13 --> Class "App\Model\UsersModel" not found
in APPPATH\Controllers\Users.php on line 10.
 1 SYSTEMPATH\CodeIgniter.php(932): App\Controllers\Users->index()
 2 SYSTEMPATH\CodeIgniter.php(497): CodeIgniter\CodeIgniter->runController(Object(App\Controllers\Users))
 3 SYSTEMPATH\CodeIgniter.php(366): CodeIgniter\CodeIgniter->handleRequest(null, Object(Config\Cache), false)
 4 FCPATH\index.php(67): CodeIgniter\CodeIgniter->run()
CRITICAL - 2023-08-25 14:55:51 --> Class "App\Model\UsersModel" not found
in APPPATH\Controllers\Users.php on line 10.
 1 SYSTEMPATH\CodeIgniter.php(932): App\Controllers\Users->index()
 2 SYSTEMPATH\CodeIgniter.php(497): CodeIgniter\CodeIgniter->runController(Object(App\Controllers\Users))
 3 SYSTEMPATH\CodeIgniter.php(366): CodeIgniter\CodeIgniter->handleRequest(null, Object(Config\Cache), false)
 4 FCPATH\index.php(67): CodeIgniter\CodeIgniter->run()
CRITICAL - 2023-08-25 14:55:51 --> Class "App\Model\UsersModel" not found
in APPPATH\Controllers\Users.php on line 10.
 1 SYSTEMPATH\CodeIgniter.php(932): App\Controllers\Users->index()
 2 SYSTEMPATH\CodeIgniter.php(497): CodeIgniter\CodeIgniter->runController(Object(App\Controllers\Users))
 3 SYSTEMPATH\CodeIgniter.php(366): CodeIgniter\CodeIgniter->handleRequest(null, Object(Config\Cache), false)
 4 FCPATH\index.php(67): CodeIgniter\CodeIgniter->run()
CRITICAL - 2023-08-25 14:55:51 --> Class "App\Model\UsersModel" not found
in APPPATH\Controllers\Users.php on line 10.
 1 SYSTEMPATH\CodeIgniter.php(932): App\Controllers\Users->index()
 2 SYSTEMPATH\CodeIgniter.php(497): CodeIgniter\CodeIgniter->runController(Object(App\Controllers\Users))
 3 SYSTEMPATH\CodeIgniter.php(366): CodeIgniter\CodeIgniter->handleRequest(null, Object(Config\Cache), false)
 4 FCPATH\index.php(67): CodeIgniter\CodeIgniter->run()
CRITICAL - 2023-08-25 14:55:52 --> Class "App\Model\UsersModel" not found
in APPPATH\Controllers\Users.php on line 10.
 1 SYSTEMPATH\CodeIgniter.php(932): App\Controllers\Users->index()
 2 SYSTEMPATH\CodeIgniter.php(497): CodeIgniter\CodeIgniter->runController(Object(App\Controllers\Users))
 3 SYSTEMPATH\CodeIgniter.php(366): CodeIgniter\CodeIgniter->handleRequest(null, Object(Config\Cache), false)
 4 FCPATH\index.php(67): CodeIgniter\CodeIgniter->run()
CRITICAL - 2023-08-25 15:00:27 --> Class "App\Controllers\Controller" not found
in APPPATH\Controllers\Users.php on line 6.
 1 SYSTEMPATH\Router\AutoRouter.php(161): include_once()
 2 SYSTEMPATH\Router\Router.php(510): CodeIgniter\Router\AutoRouter->getRoute('Users', 'get')
 3 SYSTEMPATH\Router\Router.php(208): CodeIgniter\Router\Router->autoRoute('Users')
 4 SYSTEMPATH\CodeIgniter.php(813): CodeIgniter\Router\Router->handle('Users')
 5 SYSTEMPATH\CodeIgniter.php(447): CodeIgniter\CodeIgniter->tryToRouteIt(Object(CodeIgniter\Router\RouteCollection))
 6 SYSTEMPATH\CodeIgniter.php(366): CodeIgniter\CodeIgniter->handleRequest(null, Object(Config\Cache), false)
 7 FCPATH\index.php(67): CodeIgniter\CodeIgniter->run()
CRITICAL - 2023-08-25 15:00:27 --> Class "App\Controllers\Controller" not found
in APPPATH\Controllers\Users.php on line 6.
 1 SYSTEMPATH\Router\AutoRouter.php(161): include_once()
 2 SYSTEMPATH\Router\Router.php(510): CodeIgniter\Router\AutoRouter->getRoute('Users', 'get')
 3 SYSTEMPATH\Router\Router.php(208): CodeIgniter\Router\Router->autoRoute('Users')
 4 SYSTEMPATH\CodeIgniter.php(813): CodeIgniter\Router\Router->handle('Users')
 5 SYSTEMPATH\CodeIgniter.php(447): CodeIgniter\CodeIgniter->tryToRouteIt(Object(CodeIgniter\Router\RouteCollection))
 6 SYSTEMPATH\CodeIgniter.php(366): CodeIgniter\CodeIgniter->handleRequest(null, Object(Config\Cache), false)
 7 FCPATH\index.php(67): CodeIgniter\CodeIgniter->run()
CRITICAL - 2023-08-25 15:00:28 --> Class "App\Controllers\Controller" not found
in APPPATH\Controllers\Users.php on line 6.
 1 SYSTEMPATH\Router\AutoRouter.php(161): include_once()
 2 SYSTEMPATH\Router\Router.php(510): CodeIgniter\Router\AutoRouter->getRoute('Users', 'get')
 3 SYSTEMPATH\Router\Router.php(208): CodeIgniter\Router\Router->autoRoute('Users')
 4 SYSTEMPATH\CodeIgniter.php(813): CodeIgniter\Router\Router->handle('Users')
 5 SYSTEMPATH\CodeIgniter.php(447): CodeIgniter\CodeIgniter->tryToRouteIt(Object(CodeIgniter\Router\RouteCollection))
 6 SYSTEMPATH\CodeIgniter.php(366): CodeIgniter\CodeIgniter->handleRequest(null, Object(Config\Cache), false)
 7 FCPATH\index.php(67): CodeIgniter\CodeIgniter->run()
CRITICAL - 2023-08-25 15:00:28 --> Class "App\Controllers\Controller" not found
in APPPATH\Controllers\Users.php on line 6.
 1 SYSTEMPATH\Router\AutoRouter.php(161): include_once()
 2 SYSTEMPATH\Router\Router.php(510): CodeIgniter\Router\AutoRouter->getRoute('Users', 'get')
 3 SYSTEMPATH\Router\Router.php(208): CodeIgniter\Router\Router->autoRoute('Users')
 4 SYSTEMPATH\CodeIgniter.php(813): CodeIgniter\Router\Router->handle('Users')
 5 SYSTEMPATH\CodeIgniter.php(447): CodeIgniter\CodeIgniter->tryToRouteIt(Object(CodeIgniter\Router\RouteCollection))
 6 SYSTEMPATH\CodeIgniter.php(366): CodeIgniter\CodeIgniter->handleRequest(null, Object(Config\Cache), false)
 7 FCPATH\index.php(67): CodeIgniter\CodeIgniter->run()
CRITICAL - 2023-08-25 15:00:28 --> Class "App\Controllers\Controller" not found
in APPPATH\Controllers\Users.php on line 6.
 1 SYSTEMPATH\Router\AutoRouter.php(161): include_once()
 2 SYSTEMPATH\Router\Router.php(510): CodeIgniter\Router\AutoRouter->getRoute('Users', 'get')
 3 SYSTEMPATH\Router\Router.php(208): CodeIgniter\Router\Router->autoRoute('Users')
 4 SYSTEMPATH\CodeIgniter.php(813): CodeIgniter\Router\Router->handle('Users')
 5 SYSTEMPATH\CodeIgniter.php(447): CodeIgniter\CodeIgniter->tryToRouteIt(Object(CodeIgniter\Router\RouteCollection))
 6 SYSTEMPATH\CodeIgniter.php(366): CodeIgniter\CodeIgniter->handleRequest(null, Object(Config\Cache), false)
 7 FCPATH\index.php(67): CodeIgniter\CodeIgniter->run()
CRITICAL - 2023-08-25 15:01:56 --> Class "App\Models\UsersModel" not found
in APPPATH\Controllers\Users.php on line 10.
 1 SYSTEMPATH\CodeIgniter.php(932): App\Controllers\Users->index()
 2 SYSTEMPATH\CodeIgniter.php(497): CodeIgniter\CodeIgniter->runController(Object(App\Controllers\Users))
 3 SYSTEMPATH\CodeIgniter.php(366): CodeIgniter\CodeIgniter->handleRequest(null, Object(Config\Cache), false)
 4 FCPATH\index.php(67): CodeIgniter\CodeIgniter->run()
CRITICAL - 2023-08-25 15:01:57 --> Class "App\Models\UsersModel" not found
in APPPATH\Controllers\Users.php on line 10.
 1 SYSTEMPATH\CodeIgniter.php(932): App\Controllers\Users->index()
 2 SYSTEMPATH\CodeIgniter.php(497): CodeIgniter\CodeIgniter->runController(Object(App\Controllers\Users))
 3 SYSTEMPATH\CodeIgniter.php(366): CodeIgniter\CodeIgniter->handleRequest(null, Object(Config\Cache), false)
 4 FCPATH\index.php(67): CodeIgniter\CodeIgniter->run()
CRITICAL - 2023-08-25 15:01:57 --> Class "App\Models\UsersModel" not found
in APPPATH\Controllers\Users.php on line 10.
 1 SYSTEMPATH\CodeIgniter.php(932): App\Controllers\Users->index()
 2 SYSTEMPATH\CodeIgniter.php(497): CodeIgniter\CodeIgniter->runController(Object(App\Controllers\Users))
 3 SYSTEMPATH\CodeIgniter.php(366): CodeIgniter\CodeIgniter->handleRequest(null, Object(Config\Cache), false)
 4 FCPATH\index.php(67): CodeIgniter\CodeIgniter->run()
CRITICAL - 2023-08-25 15:01:57 --> Class "App\Models\UsersModel" not found
in APPPATH\Controllers\Users.php on line 10.
 1 SYSTEMPATH\CodeIgniter.php(932): App\Controllers\Users->index()
 2 SYSTEMPATH\CodeIgniter.php(497): CodeIgniter\CodeIgniter->runController(Object(App\Controllers\Users))
 3 SYSTEMPATH\CodeIgniter.php(366): CodeIgniter\CodeIgniter->handleRequest(null, Object(Config\Cache), false)
 4 FCPATH\index.php(67): CodeIgniter\CodeIgniter->run()
CRITICAL - 2023-08-25 15:01:58 --> Class "App\Models\UsersModel" not found
in APPPATH\Controllers\Users.php on line 10.
 1 SYSTEMPATH\CodeIgniter.php(932): App\Controllers\Users->index()
 2 SYSTEMPATH\CodeIgniter.php(497): CodeIgniter\CodeIgniter->runController(Object(App\Controllers\Users))
 3 SYSTEMPATH\CodeIgniter.php(366): CodeIgniter\CodeIgniter->handleRequest(null, Object(Config\Cache), false)
 4 FCPATH\index.php(67): CodeIgniter\CodeIgniter->run()
CRITICAL - 2023-08-25 15:03:53 --> Class "App\Models\UsersModel" not found
in APPPATH\Controllers\Users.php on line 10.
 1 SYSTEMPATH\CodeIgniter.php(932): App\Controllers\Users->index()
 2 SYSTEMPATH\CodeIgniter.php(497): CodeIgniter\CodeIgniter->runController(Object(App\Controllers\Users))
 3 SYSTEMPATH\CodeIgniter.php(366): CodeIgniter\CodeIgniter->handleRequest(null, Object(Config\Cache), false)
 4 FCPATH\index.php(67): CodeIgniter\CodeIgniter->run()
CRITICAL - 2023-08-25 15:03:53 --> Class "App\Models\UsersModel" not found
in APPPATH\Controllers\Users.php on line 10.
 1 SYSTEMPATH\CodeIgniter.php(932): App\Controllers\Users->index()
 2 SYSTEMPATH\CodeIgniter.php(497): CodeIgniter\CodeIgniter->runController(Object(App\Controllers\Users))
 3 SYSTEMPATH\CodeIgniter.php(366): CodeIgniter\CodeIgniter->handleRequest(null, Object(Config\Cache), false)
 4 FCPATH\index.php(67): CodeIgniter\CodeIgniter->run()
CRITICAL - 2023-08-25 15:03:53 --> Class "App\Models\UsersModel" not found
in APPPATH\Controllers\Users.php on line 10.
 1 SYSTEMPATH\CodeIgniter.php(932): App\Controllers\Users->index()
 2 SYSTEMPATH\CodeIgniter.php(497): CodeIgniter\CodeIgniter->runController(Object(App\Controllers\Users))
 3 SYSTEMPATH\CodeIgniter.php(366): CodeIgniter\CodeIgniter->handleRequest(null, Object(Config\Cache), false)
 4 FCPATH\index.php(67): CodeIgniter\CodeIgniter->run()
CRITICAL - 2023-08-25 15:12:33 --> Class "App\Models\UsersModel" not found
in APPPATH\Controllers\UsersController.php on line 11.
 1 SYSTEMPATH\CodeIgniter.php(932): App\Controllers\UsersController->index()
 2 SYSTEMPATH\CodeIgniter.php(497): CodeIgniter\CodeIgniter->runController(Object(App\Controllers\UsersController))
 3 SYSTEMPATH\CodeIgniter.php(366): CodeIgniter\CodeIgniter->handleRequest(null, Object(Config\Cache), false)
 4 FCPATH\index.php(67): CodeIgniter\CodeIgniter->run()
CRITICAL - 2023-08-25 15:12:34 --> Class "App\Models\UsersModel" not found
in APPPATH\Controllers\UsersController.php on line 11.
 1 SYSTEMPATH\CodeIgniter.php(932): App\Controllers\UsersController->index()
 2 SYSTEMPATH\CodeIgniter.php(497): CodeIgniter\CodeIgniter->runController(Object(App\Controllers\UsersController))
 3 SYSTEMPATH\CodeIgniter.php(366): CodeIgniter\CodeIgniter->handleRequest(null, Object(Config\Cache), false)
 4 FCPATH\index.php(67): CodeIgniter\CodeIgniter->run()
CRITICAL - 2023-08-25 15:12:34 --> Class "App\Models\UsersModel" not found
in APPPATH\Controllers\UsersController.php on line 11.
 1 SYSTEMPATH\CodeIgniter.php(932): App\Controllers\UsersController->index()
 2 SYSTEMPATH\CodeIgniter.php(497): CodeIgniter\CodeIgniter->runController(Object(App\Controllers\UsersController))
 3 SYSTEMPATH\CodeIgniter.php(366): CodeIgniter\CodeIgniter->handleRequest(null, Object(Config\Cache), false)
 4 FCPATH\index.php(67): CodeIgniter\CodeIgniter->run()
CRITICAL - 2023-08-25 15:12:47 --> Class "App\Models\UsersModel" not found
in APPPATH\Controllers\UsersController.php on line 11.
 1 SYSTEMPATH\CodeIgniter.php(932): App\Controllers\UsersController->index()
 2 SYSTEMPATH\CodeIgniter.php(497): CodeIgniter\CodeIgniter->runController(Object(App\Controllers\UsersController))
 3 SYSTEMPATH\CodeIgniter.php(366): CodeIgniter\CodeIgniter->handleRequest(null, Object(Config\Cache), false)
 4 FCPATH\index.php(67): CodeIgniter\CodeIgniter->run()
CRITICAL - 2023-08-25 15:12:48 --> Class "App\Models\UsersModel" not found
in APPPATH\Controllers\UsersController.php on line 11.
 1 SYSTEMPATH\CodeIgniter.php(932): App\Controllers\UsersController->index()
 2 SYSTEMPATH\CodeIgniter.php(497): CodeIgniter\CodeIgniter->runController(Object(App\Controllers\UsersController))
 3 SYSTEMPATH\CodeIgniter.php(366): CodeIgniter\CodeIgniter->handleRequest(null, Object(Config\Cache), false)
 4 FCPATH\index.php(67): CodeIgniter\CodeIgniter->run()
CRITICAL - 2023-08-25 15:12:48 --> Class "App\Models\UsersModel" not found
in APPPATH\Controllers\UsersController.php on line 11.
 1 SYSTEMPATH\CodeIgniter.php(932): App\Controllers\UsersController->index()
 2 SYSTEMPATH\CodeIgniter.php(497): CodeIgniter\CodeIgniter->runController(Object(App\Controllers\UsersController))
 3 SYSTEMPATH\CodeIgniter.php(366): CodeIgniter\CodeIgniter->handleRequest(null, Object(Config\Cache), false)
 4 FCPATH\index.php(67): CodeIgniter\CodeIgniter->run()
CRITICAL - 2023-08-25 15:12:48 --> Class "App\Models\UsersModel" not found
in APPPATH\Controllers\UsersController.php on line 11.
 1 SYSTEMPATH\CodeIgniter.php(932): App\Controllers\UsersController->index()
 2 SYSTEMPATH\CodeIgniter.php(497): CodeIgniter\CodeIgniter->runController(Object(App\Controllers\UsersController))
 3 SYSTEMPATH\CodeIgniter.php(366): CodeIgniter\CodeIgniter->handleRequest(null, Object(Config\Cache), false)
 4 FCPATH\index.php(67): CodeIgniter\CodeIgniter->run()
CRITICAL - 2023-08-25 15:13:09 --> Class "App\Models\UsersModel" not found
in APPPATH\Controllers\UsersController.php on line 11.
 1 SYSTEMPATH\CodeIgniter.php(932): App\Controllers\UsersController->index()
 2 SYSTEMPATH\CodeIgniter.php(497): CodeIgniter\CodeIgniter->runController(Object(App\Controllers\UsersController))
 3 SYSTEMPATH\CodeIgniter.php(366): CodeIgniter\CodeIgniter->handleRequest(null, Object(Config\Cache), false)
 4 FCPATH\index.php(67): CodeIgniter\CodeIgniter->run()
CRITICAL - 2023-08-25 15:13:10 --> Class "App\Models\UsersModel" not found
in APPPATH\Controllers\UsersController.php on line 11.
 1 SYSTEMPATH\CodeIgniter.php(932): App\Controllers\UsersController->index()
 2 SYSTEMPATH\CodeIgniter.php(497): CodeIgniter\CodeIgniter->runController(Object(App\Controllers\UsersController))
 3 SYSTEMPATH\CodeIgniter.php(366): CodeIgniter\CodeIgniter->handleRequest(null, Object(Config\Cache), false)
 4 FCPATH\index.php(67): CodeIgniter\CodeIgniter->run()
CRITICAL - 2023-08-25 15:13:10 --> Class "App\Models\UsersModel" not found
in APPPATH\Controllers\UsersController.php on line 11.
 1 SYSTEMPATH\CodeIgniter.php(932): App\Controllers\UsersController->index()
 2 SYSTEMPATH\CodeIgniter.php(497): CodeIgniter\CodeIgniter->runController(Object(App\Controllers\UsersController))
 3 SYSTEMPATH\CodeIgniter.php(366): CodeIgniter\CodeIgniter->handleRequest(null, Object(Config\Cache), false)
 4 FCPATH\index.php(67): CodeIgniter\CodeIgniter->run()
CRITICAL - 2023-08-25 15:13:10 --> Class "App\Models\UsersModel" not found
in APPPATH\Controllers\UsersController.php on line 11.
 1 SYSTEMPATH\CodeIgniter.php(932): App\Controllers\UsersController->index()
 2 SYSTEMPATH\CodeIgniter.php(497): CodeIgniter\CodeIgniter->runController(Object(App\Controllers\UsersController))
 3 SYSTEMPATH\CodeIgniter.php(366): CodeIgniter\CodeIgniter->handleRequest(null, Object(Config\Cache), false)
 4 FCPATH\index.php(67): CodeIgniter\CodeIgniter->run()
CRITICAL - 2023-08-25 15:13:35 --> Class "App\Models\UsersModel" not found
in APPPATH\Controllers\UsersController.php on line 11.
 1 SYSTEMPATH\CodeIgniter.php(932): App\Controllers\UsersController->index()
 2 SYSTEMPATH\CodeIgniter.php(497): CodeIgniter\CodeIgniter->runController(Object(App\Controllers\UsersController))
 3 SYSTEMPATH\CodeIgniter.php(366): CodeIgniter\CodeIgniter->handleRequest(null, Object(Config\Cache), false)
 4 FCPATH\index.php(67): CodeIgniter\CodeIgniter->run()
CRITICAL - 2023-08-25 15:13:35 --> Class "App\Models\UsersModel" not found
in APPPATH\Controllers\UsersController.php on line 11.
 1 SYSTEMPATH\CodeIgniter.php(932): App\Controllers\UsersController->index()
 2 SYSTEMPATH\CodeIgniter.php(497): CodeIgniter\CodeIgniter->runController(Object(App\Controllers\UsersController))
 3 SYSTEMPATH\CodeIgniter.php(366): CodeIgniter\CodeIgniter->handleRequest(null, Object(Config\Cache), false)
 4 FCPATH\index.php(67): CodeIgniter\CodeIgniter->run()
CRITICAL - 2023-08-25 15:13:35 --> Class "App\Models\UsersModel" not found
in APPPATH\Controllers\UsersController.php on line 11.
 1 SYSTEMPATH\CodeIgniter.php(932): App\Controllers\UsersController->index()
 2 SYSTEMPATH\CodeIgniter.php(497): CodeIgniter\CodeIgniter->runController(Object(App\Controllers\UsersController))
 3 SYSTEMPATH\CodeIgniter.php(366): CodeIgniter\CodeIgniter->handleRequest(null, Object(Config\Cache), false)
 4 FCPATH\index.php(67): CodeIgniter\CodeIgniter->run()
CRITICAL - 2023-08-25 15:13:44 --> Class "App\Models\UsersModel" not found
in APPPATH\Controllers\UsersController.php on line 11.
 1 SYSTEMPATH\CodeIgniter.php(932): App\Controllers\UsersController->index()
 2 SYSTEMPATH\CodeIgniter.php(497): CodeIgniter\CodeIgniter->runController(Object(App\Controllers\UsersController))
 3 SYSTEMPATH\CodeIgniter.php(366): CodeIgniter\CodeIgniter->handleRequest(null, Object(Config\Cache), false)
 4 FCPATH\index.php(67): CodeIgniter\CodeIgniter->run()
CRITICAL - 2023-08-25 15:13:44 --> Class "App\Models\UsersModel" not found
in APPPATH\Controllers\UsersController.php on line 11.
 1 SYSTEMPATH\CodeIgniter.php(932): App\Controllers\UsersController->index()
 2 SYSTEMPATH\CodeIgniter.php(497): CodeIgniter\CodeIgniter->runController(Object(App\Controllers\UsersController))
 3 SYSTEMPATH\CodeIgniter.php(366): CodeIgniter\CodeIgniter->handleRequest(null, Object(Config\Cache), false)
 4 FCPATH\index.php(67): CodeIgniter\CodeIgniter->run()
CRITICAL - 2023-08-25 15:13:44 --> Class "App\Models\UsersModel" not found
in APPPATH\Controllers\UsersController.php on line 11.
 1 SYSTEMPATH\CodeIgniter.php(932): App\Controllers\UsersController->index()
 2 SYSTEMPATH\CodeIgniter.php(497): CodeIgniter\CodeIgniter->runController(Object(App\Controllers\UsersController))
 3 SYSTEMPATH\CodeIgniter.php(366): CodeIgniter\CodeIgniter->handleRequest(null, Object(Config\Cache), false)
 4 FCPATH\index.php(67): CodeIgniter\CodeIgniter->run()
CRITICAL - 2023-08-25 15:16:30 --> Class "App\Models\UsersModel" not found
in APPPATH\Controllers\UsersController.php on line 11.
 1 SYSTEMPATH\CodeIgniter.php(932): App\Controllers\UsersController->index()
 2 SYSTEMPATH\CodeIgniter.php(497): CodeIgniter\CodeIgniter->runController(Object(App\Controllers\UsersController))
 3 SYSTEMPATH\CodeIgniter.php(366): CodeIgniter\CodeIgniter->handleRequest(null, Object(Config\Cache), false)
 4 FCPATH\index.php(67): CodeIgniter\CodeIgniter->run()
CRITICAL - 2023-08-25 15:16:33 --> Class "App\Models\UsersModel" not found
in APPPATH\Controllers\UsersController.php on line 11.
 1 SYSTEMPATH\CodeIgniter.php(932): App\Controllers\UsersController->index()
 2 SYSTEMPATH\CodeIgniter.php(497): CodeIgniter\CodeIgniter->runController(Object(App\Controllers\UsersController))
 3 SYSTEMPATH\CodeIgniter.php(366): CodeIgniter\CodeIgniter->handleRequest(null, Object(Config\Cache), false)
 4 FCPATH\index.php(67): CodeIgniter\CodeIgniter->run()
CRITICAL - 2023-08-25 15:16:55 --> Class "App\Models\UsersModel" not found
in APPPATH\Controllers\UsersController.php on line 11.
 1 SYSTEMPATH\CodeIgniter.php(932): App\Controllers\UsersController->index()
 2 SYSTEMPATH\CodeIgniter.php(497): CodeIgniter\CodeIgniter->runController(Object(App\Controllers\UsersController))
 3 SYSTEMPATH\CodeIgniter.php(366): CodeIgniter\CodeIgniter->handleRequest(null, Object(Config\Cache), false)
 4 FCPATH\index.php(67): CodeIgniter\CodeIgniter->run()
CRITICAL - 2023-08-25 15:16:55 --> Class "App\Models\UsersModel" not found
in APPPATH\Controllers\UsersController.php on line 11.
 1 SYSTEMPATH\CodeIgniter.php(932): App\Controllers\UsersController->index()
 2 SYSTEMPATH\CodeIgniter.php(497): CodeIgniter\CodeIgniter->runController(Object(App\Controllers\UsersController))
 3 SYSTEMPATH\CodeIgniter.php(366): CodeIgniter\CodeIgniter->handleRequest(null, Object(Config\Cache), false)
 4 FCPATH\index.php(67): CodeIgniter\CodeIgniter->run()
CRITICAL - 2023-08-25 15:16:55 --> Class "App\Models\UsersModel" not found
in APPPATH\Controllers\UsersController.php on line 11.
 1 SYSTEMPATH\CodeIgniter.php(932): App\Controllers\UsersController->index()
 2 SYSTEMPATH\CodeIgniter.php(497): CodeIgniter\CodeIgniter->runController(Object(App\Controllers\UsersController))
 3 SYSTEMPATH\CodeIgniter.php(366): CodeIgniter\CodeIgniter->handleRequest(null, Object(Config\Cache), false)
 4 FCPATH\index.php(67): CodeIgniter\CodeIgniter->run()
CRITICAL - 2023-08-25 15:16:56 --> Class "App\Models\UsersModel" not found
in APPPATH\Controllers\UsersController.php on line 11.
 1 SYSTEMPATH\CodeIgniter.php(932): App\Controllers\UsersController->index()
 2 SYSTEMPATH\CodeIgniter.php(497): CodeIgniter\CodeIgniter->runController(Object(App\Controllers\UsersController))
 3 SYSTEMPATH\CodeIgniter.php(366): CodeIgniter\CodeIgniter->handleRequest(null, Object(Config\Cache), false)
 4 FCPATH\index.php(67): CodeIgniter\CodeIgniter->run()
CRITICAL - 2023-08-25 15:17:49 --> Class "App\Models\UsersModel" not found
in APPPATH\Controllers\UsersController.php on line 11.
 1 SYSTEMPATH\CodeIgniter.php(932): App\Controllers\UsersController->index()
 2 SYSTEMPATH\CodeIgniter.php(497): CodeIgniter\CodeIgniter->runController(Object(App\Controllers\UsersController))
 3 SYSTEMPATH\CodeIgniter.php(366): CodeIgniter\CodeIgniter->handleRequest(null, Object(Config\Cache), false)
 4 FCPATH\index.php(67): CodeIgniter\CodeIgniter->run()
CRITICAL - 2023-08-25 15:17:49 --> Class "App\Models\UsersModel" not found
in APPPATH\Controllers\UsersController.php on line 11.
 1 SYSTEMPATH\CodeIgniter.php(932): App\Controllers\UsersController->index()
 2 SYSTEMPATH\CodeIgniter.php(497): CodeIgniter\CodeIgniter->runController(Object(App\Controllers\UsersController))
 3 SYSTEMPATH\CodeIgniter.php(366): CodeIgniter\CodeIgniter->handleRequest(null, Object(Config\Cache), false)
 4 FCPATH\index.php(67): CodeIgniter\CodeIgniter->run()
CRITICAL - 2023-08-25 15:17:49 --> Class "App\Models\UsersModel" not found
in APPPATH\Controllers\UsersController.php on line 11.
 1 SYSTEMPATH\CodeIgniter.php(932): App\Controllers\UsersController->index()
 2 SYSTEMPATH\CodeIgniter.php(497): CodeIgniter\CodeIgniter->runController(Object(App\Controllers\UsersController))
 3 SYSTEMPATH\CodeIgniter.php(366): CodeIgniter\CodeIgniter->handleRequest(null, Object(Config\Cache), false)
 4 FCPATH\index.php(67): CodeIgniter\CodeIgniter->run()
CRITICAL - 2023-08-25 15:17:49 --> Class "App\Models\UsersModel" not found
in APPPATH\Controllers\UsersController.php on line 11.
 1 SYSTEMPATH\CodeIgniter.php(932): App\Controllers\UsersController->index()
 2 SYSTEMPATH\CodeIgniter.php(497): CodeIgniter\CodeIgniter->runController(Object(App\Controllers\UsersController))
 3 SYSTEMPATH\CodeIgniter.php(366): CodeIgniter\CodeIgniter->handleRequest(null, Object(Config\Cache), false)
 4 FCPATH\index.php(67): CodeIgniter\CodeIgniter->run()
CRITICAL - 2023-08-25 15:18:24 --> Class "App\Models\UsersModel" not found
in APPPATH\Controllers\UsersController.php on line 11.
 1 SYSTEMPATH\CodeIgniter.php(932): App\Controllers\UsersController->index()
 2 SYSTEMPATH\CodeIgniter.php(497): CodeIgniter\CodeIgniter->runController(Object(App\Controllers\UsersController))
 3 SYSTEMPATH\CodeIgniter.php(366): CodeIgniter\CodeIgniter->handleRequest(null, Object(Config\Cache), false)
 4 FCPATH\index.php(67): CodeIgniter\CodeIgniter->run()
CRITICAL - 2023-08-25 15:18:24 --> Class "App\Models\UsersModel" not found
in APPPATH\Controllers\UsersController.php on line 11.
 1 SYSTEMPATH\CodeIgniter.php(932): App\Controllers\UsersController->index()
 2 SYSTEMPATH\CodeIgniter.php(497): CodeIgniter\CodeIgniter->runController(Object(App\Controllers\UsersController))
 3 SYSTEMPATH\CodeIgniter.php(366): CodeIgniter\CodeIgniter->handleRequest(null, Object(Config\Cache), false)
 4 FCPATH\index.php(67): CodeIgniter\CodeIgniter->run()
CRITICAL - 2023-08-25 15:18:24 --> Class "App\Models\UsersModel" not found
in APPPATH\Controllers\UsersController.php on line 11.
 1 SYSTEMPATH\CodeIgniter.php(932): App\Controllers\UsersController->index()
 2 SYSTEMPATH\CodeIgniter.php(497): CodeIgniter\CodeIgniter->runController(Object(App\Controllers\UsersController))
 3 SYSTEMPATH\CodeIgniter.php(366): CodeIgniter\CodeIgniter->handleRequest(null, Object(Config\Cache), false)
 4 FCPATH\index.php(67): CodeIgniter\CodeIgniter->run()
CRITICAL - 2023-08-25 15:18:25 --> Class "App\Models\UsersModel" not found
in APPPATH\Controllers\UsersController.php on line 11.
 1 SYSTEMPATH\CodeIgniter.php(932): App\Controllers\UsersController->index()
 2 SYSTEMPATH\CodeIgniter.php(497): CodeIgniter\CodeIgniter->runController(Object(App\Controllers\UsersController))
 3 SYSTEMPATH\CodeIgniter.php(366): CodeIgniter\CodeIgniter->handleRequest(null, Object(Config\Cache), false)
 4 FCPATH\index.php(67): CodeIgniter\CodeIgniter->run()
CRITICAL - 2023-08-25 15:19:01 --> Class "App\Models\UsersModel" not found
in APPPATH\Controllers\UsersController.php on line 11.
 1 SYSTEMPATH\CodeIgniter.php(932): App\Controllers\UsersController->index()
 2 SYSTEMPATH\CodeIgniter.php(497): CodeIgniter\CodeIgniter->runController(Object(App\Controllers\UsersController))
 3 SYSTEMPATH\CodeIgniter.php(366): CodeIgniter\CodeIgniter->handleRequest(null, Object(Config\Cache), false)
 4 FCPATH\index.php(67): CodeIgniter\CodeIgniter->run()
CRITICAL - 2023-08-25 15:19:35 --> Class "App\Models\UsersModel" not found
in APPPATH\Controllers\UsersController.php on line 11.
 1 SYSTEMPATH\CodeIgniter.php(932): App\Controllers\UsersController->index()
 2 SYSTEMPATH\CodeIgniter.php(497): CodeIgniter\CodeIgniter->runController(Object(App\Controllers\UsersController))
 3 SYSTEMPATH\CodeIgniter.php(366): CodeIgniter\CodeIgniter->handleRequest(null, Object(Config\Cache), false)
 4 FCPATH\index.php(67): CodeIgniter\CodeIgniter->run()
CRITICAL - 2023-08-25 15:19:36 --> Class "App\Models\UsersModel" not found
in APPPATH\Controllers\UsersController.php on line 11.
 1 SYSTEMPATH\CodeIgniter.php(932): App\Controllers\UsersController->index()
 2 SYSTEMPATH\CodeIgniter.php(497): CodeIgniter\CodeIgniter->runController(Object(App\Controllers\UsersController))
 3 SYSTEMPATH\CodeIgniter.php(366): CodeIgniter\CodeIgniter->handleRequest(null, Object(Config\Cache), false)
 4 FCPATH\index.php(67): CodeIgniter\CodeIgniter->run()
CRITICAL - 2023-08-25 15:19:36 --> Class "App\Models\UsersModel" not found
in APPPATH\Controllers\UsersController.php on line 11.
 1 SYSTEMPATH\CodeIgniter.php(932): App\Controllers\UsersController->index()
 2 SYSTEMPATH\CodeIgniter.php(497): CodeIgniter\CodeIgniter->runController(Object(App\Controllers\UsersController))
 3 SYSTEMPATH\CodeIgniter.php(366): CodeIgniter\CodeIgniter->handleRequest(null, Object(Config\Cache), false)
 4 FCPATH\index.php(67): CodeIgniter\CodeIgniter->run()
CRITICAL - 2023-08-25 15:19:36 --> Class "App\Models\UsersModel" not found
in APPPATH\Controllers\UsersController.php on line 11.
 1 SYSTEMPATH\CodeIgniter.php(932): App\Controllers\UsersController->index()
 2 SYSTEMPATH\CodeIgniter.php(497): CodeIgniter\CodeIgniter->runController(Object(App\Controllers\UsersController))
 3 SYSTEMPATH\CodeIgniter.php(366): CodeIgniter\CodeIgniter->handleRequest(null, Object(Config\Cache), false)
 4 FCPATH\index.php(67): CodeIgniter\CodeIgniter->run()
CRITICAL - 2023-08-25 15:20:40 --> Class "App\Models\UsersModel" not found
in APPPATH\Controllers\UsersController.php on line 11.
 1 SYSTEMPATH\CodeIgniter.php(932): App\Controllers\UsersController->index()
 2 SYSTEMPATH\CodeIgniter.php(497): CodeIgniter\CodeIgniter->runController(Object(App\Controllers\UsersController))
 3 SYSTEMPATH\CodeIgniter.php(366): CodeIgniter\CodeIgniter->handleRequest(null, Object(Config\Cache), false)
 4 FCPATH\index.php(67): CodeIgniter\CodeIgniter->run()
CRITICAL - 2023-08-25 15:25:59 --> syntax error, unexpected token "/"
in APPPATH\Controllers\UsersController.php on line 11.
 1 SYSTEMPATH\Autoloader\Autoloader.php(291): CodeIgniter\Autoloader\Autoloader->includeFile('C:\\xampp2\\htdocs\\codeigniter4\\app\\Controllers\\UsersController.php')
 2 SYSTEMPATH\Autoloader\Autoloader.php(269): CodeIgniter\Autoloader\Autoloader->loadInNamespace('App\\Controllers\\UsersController')
 3 [internal function]: CodeIgniter\Autoloader\Autoloader->loadClass('App\\Controllers\\UsersController')
 4 SYSTEMPATH\CodeIgniter.php(890): class_exists('\\App\\Controllers\\UsersController', true)
 5 SYSTEMPATH\CodeIgniter.php(484): CodeIgniter\CodeIgniter->startController()
 6 SYSTEMPATH\CodeIgniter.php(366): CodeIgniter\CodeIgniter->handleRequest(null, Object(Config\Cache), false)
 7 FCPATH\index.php(67): CodeIgniter\CodeIgniter->run()
CRITICAL - 2023-08-25 15:26:01 --> syntax error, unexpected token "/"
in APPPATH\Controllers\UsersController.php on line 11.
 1 SYSTEMPATH\Autoloader\Autoloader.php(291): CodeIgniter\Autoloader\Autoloader->includeFile('C:\\xampp2\\htdocs\\codeigniter4\\app\\Controllers\\UsersController.php')
 2 SYSTEMPATH\Autoloader\Autoloader.php(269): CodeIgniter\Autoloader\Autoloader->loadInNamespace('App\\Controllers\\UsersController')
 3 [internal function]: CodeIgniter\Autoloader\Autoloader->loadClass('App\\Controllers\\UsersController')
 4 SYSTEMPATH\CodeIgniter.php(890): class_exists('\\App\\Controllers\\UsersController', true)
 5 SYSTEMPATH\CodeIgniter.php(484): CodeIgniter\CodeIgniter->startController()
 6 SYSTEMPATH\CodeIgniter.php(366): CodeIgniter\CodeIgniter->handleRequest(null, Object(Config\Cache), false)
 7 FCPATH\index.php(67): CodeIgniter\CodeIgniter->run()
CRITICAL - 2023-08-25 15:26:01 --> syntax error, unexpected token "/"
in APPPATH\Controllers\UsersController.php on line 11.
 1 SYSTEMPATH\Autoloader\Autoloader.php(291): CodeIgniter\Autoloader\Autoloader->includeFile('C:\\xampp2\\htdocs\\codeigniter4\\app\\Controllers\\UsersController.php')
 2 SYSTEMPATH\Autoloader\Autoloader.php(269): CodeIgniter\Autoloader\Autoloader->loadInNamespace('App\\Controllers\\UsersController')
 3 [internal function]: CodeIgniter\Autoloader\Autoloader->loadClass('App\\Controllers\\UsersController')
 4 SYSTEMPATH\CodeIgniter.php(890): class_exists('\\App\\Controllers\\UsersController', true)
 5 SYSTEMPATH\CodeIgniter.php(484): CodeIgniter\CodeIgniter->startController()
 6 SYSTEMPATH\CodeIgniter.php(366): CodeIgniter\CodeIgniter->handleRequest(null, Object(Config\Cache), false)
 7 FCPATH\index.php(67): CodeIgniter\CodeIgniter->run()
CRITICAL - 2023-08-25 15:26:01 --> syntax error, unexpected token "/"
in APPPATH\Controllers\UsersController.php on line 11.
 1 SYSTEMPATH\Autoloader\Autoloader.php(291): CodeIgniter\Autoloader\Autoloader->includeFile('C:\\xampp2\\htdocs\\codeigniter4\\app\\Controllers\\UsersController.php')
 2 SYSTEMPATH\Autoloader\Autoloader.php(269): CodeIgniter\Autoloader\Autoloader->loadInNamespace('App\\Controllers\\UsersController')
 3 [internal function]: CodeIgniter\Autoloader\Autoloader->loadClass('App\\Controllers\\UsersController')
 4 SYSTEMPATH\CodeIgniter.php(890): class_exists('\\App\\Controllers\\UsersController', true)
 5 SYSTEMPATH\CodeIgniter.php(484): CodeIgniter\CodeIgniter->startController()
 6 SYSTEMPATH\CodeIgniter.php(366): CodeIgniter\CodeIgniter->handleRequest(null, Object(Config\Cache), false)
 7 FCPATH\index.php(67): CodeIgniter\CodeIgniter->run()
CRITICAL - 2023-08-25 15:26:01 --> syntax error, unexpected token "/"
in APPPATH\Controllers\UsersController.php on line 11.
 1 SYSTEMPATH\Autoloader\Autoloader.php(291): CodeIgniter\Autoloader\Autoloader->includeFile('C:\\xampp2\\htdocs\\codeigniter4\\app\\Controllers\\UsersController.php')
 2 SYSTEMPATH\Autoloader\Autoloader.php(269): CodeIgniter\Autoloader\Autoloader->loadInNamespace('App\\Controllers\\UsersController')
 3 [internal function]: CodeIgniter\Autoloader\Autoloader->loadClass('App\\Controllers\\UsersController')
 4 SYSTEMPATH\CodeIgniter.php(890): class_exists('\\App\\Controllers\\UsersController', true)
 5 SYSTEMPATH\CodeIgniter.php(484): CodeIgniter\CodeIgniter->startController()
 6 SYSTEMPATH\CodeIgniter.php(366): CodeIgniter\CodeIgniter->handleRequest(null, Object(Config\Cache), false)
 7 FCPATH\index.php(67): CodeIgniter\CodeIgniter->run()
CRITICAL - 2023-08-25 15:26:07 --> Class "App\Models\UsersModel" not found
in APPPATH\Controllers\UsersController.php on line 11.
 1 SYSTEMPATH\CodeIgniter.php(932): App\Controllers\UsersController->index()
 2 SYSTEMPATH\CodeIgniter.php(497): CodeIgniter\CodeIgniter->runController(Object(App\Controllers\UsersController))
 3 SYSTEMPATH\CodeIgniter.php(366): CodeIgniter\CodeIgniter->handleRequest(null, Object(Config\Cache), false)
 4 FCPATH\index.php(67): CodeIgniter\CodeIgniter->run()
CRITICAL - 2023-08-25 15:26:07 --> Class "App\Models\UsersModel" not found
in APPPATH\Controllers\UsersController.php on line 11.
 1 SYSTEMPATH\CodeIgniter.php(932): App\Controllers\UsersController->index()
 2 SYSTEMPATH\CodeIgniter.php(497): CodeIgniter\CodeIgniter->runController(Object(App\Controllers\UsersController))
 3 SYSTEMPATH\CodeIgniter.php(366): CodeIgniter\CodeIgniter->handleRequest(null, Object(Config\Cache), false)
 4 FCPATH\index.php(67): CodeIgniter\CodeIgniter->run()
CRITICAL - 2023-08-25 15:26:07 --> Class "App\Models\UsersModel" not found
in APPPATH\Controllers\UsersController.php on line 11.
 1 SYSTEMPATH\CodeIgniter.php(932): App\Controllers\UsersController->index()
 2 SYSTEMPATH\CodeIgniter.php(497): CodeIgniter\CodeIgniter->runController(Object(App\Controllers\UsersController))
 3 SYSTEMPATH\CodeIgniter.php(366): CodeIgniter\CodeIgniter->handleRequest(null, Object(Config\Cache), false)
 4 FCPATH\index.php(67): CodeIgniter\CodeIgniter->run()
CRITICAL - 2023-08-25 15:26:25 --> Class "App\Models\UsersModel" not found
in APPPATH\Controllers\UsersController.php on line 11.
 1 SYSTEMPATH\CodeIgniter.php(932): App\Controllers\UsersController->index()
 2 SYSTEMPATH\CodeIgniter.php(497): CodeIgniter\CodeIgniter->runController(Object(App\Controllers\UsersController))
 3 SYSTEMPATH\CodeIgniter.php(366): CodeIgniter\CodeIgniter->handleRequest(null, Object(Config\Cache), false)
 4 FCPATH\index.php(67): CodeIgniter\CodeIgniter->run()
CRITICAL - 2023-08-25 15:26:27 --> Class "App\Models\UsersModel" not found
in APPPATH\Controllers\UsersController.php on line 11.
 1 SYSTEMPATH\CodeIgniter.php(932): App\Controllers\UsersController->index()
 2 SYSTEMPATH\CodeIgniter.php(497): CodeIgniter\CodeIgniter->runController(Object(App\Controllers\UsersController))
 3 SYSTEMPATH\CodeIgniter.php(366): CodeIgniter\CodeIgniter->handleRequest(null, Object(Config\Cache), false)
 4 FCPATH\index.php(67): CodeIgniter\CodeIgniter->run()
CRITICAL - 2023-08-25 15:26:27 --> Class "App\Models\UsersModel" not found
in APPPATH\Controllers\UsersController.php on line 11.
 1 SYSTEMPATH\CodeIgniter.php(932): App\Controllers\UsersController->index()
 2 SYSTEMPATH\CodeIgniter.php(497): CodeIgniter\CodeIgniter->runController(Object(App\Controllers\UsersController))
 3 SYSTEMPATH\CodeIgniter.php(366): CodeIgniter\CodeIgniter->handleRequest(null, Object(Config\Cache), false)
 4 FCPATH\index.php(67): CodeIgniter\CodeIgniter->run()
CRITICAL - 2023-08-25 15:26:27 --> Class "App\Models\UsersModel" not found
in APPPATH\Controllers\UsersController.php on line 11.
 1 SYSTEMPATH\CodeIgniter.php(932): App\Controllers\UsersController->index()
 2 SYSTEMPATH\CodeIgniter.php(497): CodeIgniter\CodeIgniter->runController(Object(App\Controllers\UsersController))
 3 SYSTEMPATH\CodeIgniter.php(366): CodeIgniter\CodeIgniter->handleRequest(null, Object(Config\Cache), false)
 4 FCPATH\index.php(67): CodeIgniter\CodeIgniter->run()
CRITICAL - 2023-08-25 15:41:30 --> Class "App\Models\UsersModel" not found
in APPPATH\Controllers\UsersController.php on line 11.
 1 SYSTEMPATH\CodeIgniter.php(932): App\Controllers\UsersController->index()
 2 SYSTEMPATH\CodeIgniter.php(497): CodeIgniter\CodeIgniter->runController(Object(App\Controllers\UsersController))
 3 SYSTEMPATH\CodeIgniter.php(366): CodeIgniter\CodeIgniter->handleRequest(null, Object(Config\Cache), false)
 4 FCPATH\index.php(67): CodeIgniter\CodeIgniter->run()
CRITICAL - 2023-08-25 15:41:31 --> Class "App\Models\UsersModel" not found
in APPPATH\Controllers\UsersController.php on line 11.
 1 SYSTEMPATH\CodeIgniter.php(932): App\Controllers\UsersController->index()
 2 SYSTEMPATH\CodeIgniter.php(497): CodeIgniter\CodeIgniter->runController(Object(App\Controllers\UsersController))
 3 SYSTEMPATH\CodeIgniter.php(366): CodeIgniter\CodeIgniter->handleRequest(null, Object(Config\Cache), false)
 4 FCPATH\index.php(67): CodeIgniter\CodeIgniter->run()
CRITICAL - 2023-08-25 15:41:31 --> Class "App\Models\UsersModel" not found
in APPPATH\Controllers\UsersController.php on line 11.
 1 SYSTEMPATH\CodeIgniter.php(932): App\Controllers\UsersController->index()
 2 SYSTEMPATH\CodeIgniter.php(497): CodeIgniter\CodeIgniter->runController(Object(App\Controllers\UsersController))
 3 SYSTEMPATH\CodeIgniter.php(366): CodeIgniter\CodeIgniter->handleRequest(null, Object(Config\Cache), false)
 4 FCPATH\index.php(67): CodeIgniter\CodeIgniter->run()
CRITICAL - 2023-08-25 15:41:31 --> Class "App\Models\UsersModel" not found
in APPPATH\Controllers\UsersController.php on line 11.
 1 SYSTEMPATH\CodeIgniter.php(932): App\Controllers\UsersController->index()
 2 SYSTEMPATH\CodeIgniter.php(497): CodeIgniter\CodeIgniter->runController(Object(App\Controllers\UsersController))
 3 SYSTEMPATH\CodeIgniter.php(366): CodeIgniter\CodeIgniter->handleRequest(null, Object(Config\Cache), false)
 4 FCPATH\index.php(67): CodeIgniter\CodeIgniter->run()
CRITICAL - 2023-08-25 15:48:24 --> Class "App\Models\UsersModel" not found
in APPPATH\Controllers\UsersController.php on line 11.
 1 SYSTEMPATH\CodeIgniter.php(932): App\Controllers\UsersController->index()
 2 SYSTEMPATH\CodeIgniter.php(497): CodeIgniter\CodeIgniter->runController(Object(App\Controllers\UsersController))
 3 SYSTEMPATH\CodeIgniter.php(366): CodeIgniter\CodeIgniter->handleRequest(null, Object(Config\Cache), false)
 4 FCPATH\index.php(67): CodeIgniter\CodeIgniter->run()
CRITICAL - 2023-08-25 15:48:25 --> Class "App\Models\UsersModel" not found
in APPPATH\Controllers\UsersController.php on line 11.
 1 SYSTEMPATH\CodeIgniter.php(932): App\Controllers\UsersController->index()
 2 SYSTEMPATH\CodeIgniter.php(497): CodeIgniter\CodeIgniter->runController(Object(App\Controllers\UsersController))
 3 SYSTEMPATH\CodeIgniter.php(366): CodeIgniter\CodeIgniter->handleRequest(null, Object(Config\Cache), false)
 4 FCPATH\index.php(67): CodeIgniter\CodeIgniter->run()
CRITICAL - 2023-08-25 15:48:29 --> Class "App\Models\UsersModel" not found
in APPPATH\Controllers\UsersController.php on line 11.
 1 SYSTEMPATH\CodeIgniter.php(932): App\Controllers\UsersController->index()
 2 SYSTEMPATH\CodeIgniter.php(497): CodeIgniter\CodeIgniter->runController(Object(App\Controllers\UsersController))
 3 SYSTEMPATH\CodeIgniter.php(366): CodeIgniter\CodeIgniter->handleRequest(null, Object(Config\Cache), false)
 4 FCPATH\index.php(67): CodeIgniter\CodeIgniter->run()
CRITICAL - 2023-08-25 15:48:29 --> Class "App\Models\UsersModel" not found
in APPPATH\Controllers\UsersController.php on line 11.
 1 SYSTEMPATH\CodeIgniter.php(932): App\Controllers\UsersController->index()
 2 SYSTEMPATH\CodeIgniter.php(497): CodeIgniter\CodeIgniter->runController(Object(App\Controllers\UsersController))
 3 SYSTEMPATH\CodeIgniter.php(366): CodeIgniter\CodeIgniter->handleRequest(null, Object(Config\Cache), false)
 4 FCPATH\index.php(67): CodeIgniter\CodeIgniter->run()
CRITICAL - 2023-08-25 15:48:29 --> Class "App\Models\UsersModel" not found
in APPPATH\Controllers\UsersController.php on line 11.
 1 SYSTEMPATH\CodeIgniter.php(932): App\Controllers\UsersController->index()
 2 SYSTEMPATH\CodeIgniter.php(497): CodeIgniter\CodeIgniter->runController(Object(App\Controllers\UsersController))
 3 SYSTEMPATH\CodeIgniter.php(366): CodeIgniter\CodeIgniter->handleRequest(null, Object(Config\Cache), false)
 4 FCPATH\index.php(67): CodeIgniter\CodeIgniter->run()
CRITICAL - 2023-08-25 15:48:29 --> Class "App\Models\UsersModel" not found
in APPPATH\Controllers\UsersController.php on line 11.
 1 SYSTEMPATH\CodeIgniter.php(932): App\Controllers\UsersController->index()
 2 SYSTEMPATH\CodeIgniter.php(497): CodeIgniter\CodeIgniter->runController(Object(App\Controllers\UsersController))
 3 SYSTEMPATH\CodeIgniter.php(366): CodeIgniter\CodeIgniter->handleRequest(null, Object(Config\Cache), false)
 4 FCPATH\index.php(67): CodeIgniter\CodeIgniter->run()
CRITICAL - 2023-08-25 15:48:48 --> Class "App\Models\UsersModel" not found
in APPPATH\Controllers\UsersController.php on line 11.
 1 SYSTEMPATH\CodeIgniter.php(932): App\Controllers\UsersController->index()
 2 SYSTEMPATH\CodeIgniter.php(497): CodeIgniter\CodeIgniter->runController(Object(App\Controllers\UsersController))
 3 SYSTEMPATH\CodeIgniter.php(366): CodeIgniter\CodeIgniter->handleRequest(null, Object(Config\Cache), false)
 4 FCPATH\index.php(67): CodeIgniter\CodeIgniter->run()
CRITICAL - 2023-08-25 15:50:24 --> Class "App\Models\UsersModel" not found
in APPPATH\Controllers\UsersController.php on line 11.
 1 SYSTEMPATH\CodeIgniter.php(932): App\Controllers\UsersController->index()
 2 SYSTEMPATH\CodeIgniter.php(497): CodeIgniter\CodeIgniter->runController(Object(App\Controllers\UsersController))
 3 SYSTEMPATH\CodeIgniter.php(366): CodeIgniter\CodeIgniter->handleRequest(null, Object(Config\Cache), false)
 4 FCPATH\index.php(67): CodeIgniter\CodeIgniter->run()
CRITICAL - 2023-08-25 15:50:25 --> Class "App\Models\UsersModel" not found
in APPPATH\Controllers\UsersController.php on line 11.
 1 SYSTEMPATH\CodeIgniter.php(932): App\Controllers\UsersController->index()
 2 SYSTEMPATH\CodeIgniter.php(497): CodeIgniter\CodeIgniter->runController(Object(App\Controllers\UsersController))
 3 SYSTEMPATH\CodeIgniter.php(366): CodeIgniter\CodeIgniter->handleRequest(null, Object(Config\Cache), false)
 4 FCPATH\index.php(67): CodeIgniter\CodeIgniter->run()
CRITICAL - 2023-08-25 15:50:25 --> Class "App\Models\UsersModel" not found
in APPPATH\Controllers\UsersController.php on line 11.
 1 SYSTEMPATH\CodeIgniter.php(932): App\Controllers\UsersController->index()
 2 SYSTEMPATH\CodeIgniter.php(497): CodeIgniter\CodeIgniter->runController(Object(App\Controllers\UsersController))
 3 SYSTEMPATH\CodeIgniter.php(366): CodeIgniter\CodeIgniter->handleRequest(null, Object(Config\Cache), false)
 4 FCPATH\index.php(67): CodeIgniter\CodeIgniter->run()
CRITICAL - 2023-08-25 15:50:25 --> Class "App\Models\UsersModel" not found
in APPPATH\Controllers\UsersController.php on line 11.
 1 SYSTEMPATH\CodeIgniter.php(932): App\Controllers\UsersController->index()
 2 SYSTEMPATH\CodeIgniter.php(497): CodeIgniter\CodeIgniter->runController(Object(App\Controllers\UsersController))
 3 SYSTEMPATH\CodeIgniter.php(366): CodeIgniter\CodeIgniter->handleRequest(null, Object(Config\Cache), false)
 4 FCPATH\index.php(67): CodeIgniter\CodeIgniter->run()
CRITICAL - 2023-08-25 15:50:35 --> Class "App\Models\UsersModel" not found
in APPPATH\Controllers\UsersController.php on line 11.
 1 SYSTEMPATH\CodeIgniter.php(932): App\Controllers\UsersController->index()
 2 SYSTEMPATH\CodeIgniter.php(497): CodeIgniter\CodeIgniter->runController(Object(App\Controllers\UsersController))
 3 SYSTEMPATH\CodeIgniter.php(366): CodeIgniter\CodeIgniter->handleRequest(null, Object(Config\Cache), false)
 4 FCPATH\index.php(67): CodeIgniter\CodeIgniter->run()
CRITICAL - 2023-08-25 15:51:13 --> Class "App\Models\UsersModel" not found
in APPPATH\Controllers\UsersController.php on line 11.
 1 SYSTEMPATH\CodeIgniter.php(932): App\Controllers\UsersController->index()
 2 SYSTEMPATH\CodeIgniter.php(497): CodeIgniter\CodeIgniter->runController(Object(App\Controllers\UsersController))
 3 SYSTEMPATH\CodeIgniter.php(366): CodeIgniter\CodeIgniter->handleRequest(null, Object(Config\Cache), false)
 4 FCPATH\index.php(67): CodeIgniter\CodeIgniter->run()
CRITICAL - 2023-08-25 15:51:58 --> Class "App\Models\UsersModel" not found
in APPPATH\Controllers\UsersController.php on line 11.
 1 SYSTEMPATH\CodeIgniter.php(932): App\Controllers\UsersController->index()
 2 SYSTEMPATH\CodeIgniter.php(497): CodeIgniter\CodeIgniter->runController(Object(App\Controllers\UsersController))
 3 SYSTEMPATH\CodeIgniter.php(366): CodeIgniter\CodeIgniter->handleRequest(null, Object(Config\Cache), false)
 4 FCPATH\index.php(67): CodeIgniter\CodeIgniter->run()
CRITICAL - 2023-08-25 15:53:06 --> Class "App\Models\UsersModel" not found
in APPPATH\Controllers\UsersController.php on line 11.
 1 SYSTEMPATH\CodeIgniter.php(932): App\Controllers\UsersController->index()
 2 SYSTEMPATH\CodeIgniter.php(497): CodeIgniter\CodeIgniter->runController(Object(App\Controllers\UsersController))
 3 SYSTEMPATH\CodeIgniter.php(366): CodeIgniter\CodeIgniter->handleRequest(null, Object(Config\Cache), false)
 4 FCPATH\index.php(67): CodeIgniter\CodeIgniter->run()
CRITICAL - 2023-08-25 15:54:04 --> Class "App\Models\UsersModel" not found
in APPPATH\Controllers\UsersController.php on line 11.
 1 SYSTEMPATH\CodeIgniter.php(932): App\Controllers\UsersController->index()
 2 SYSTEMPATH\CodeIgniter.php(497): CodeIgniter\CodeIgniter->runController(Object(App\Controllers\UsersController))
 3 SYSTEMPATH\CodeIgniter.php(366): CodeIgniter\CodeIgniter->handleRequest(null, Object(Config\Cache), false)
 4 FCPATH\index.php(67): CodeIgniter\CodeIgniter->run()
CRITICAL - 2023-08-25 15:55:08 --> Class "App\Model\UsersModel" not found
in APPPATH\Controllers\UsersController.php on line 11.
 1 SYSTEMPATH\CodeIgniter.php(932): App\Controllers\UsersController->index()
 2 SYSTEMPATH\CodeIgniter.php(497): CodeIgniter\CodeIgniter->runController(Object(App\Controllers\UsersController))
 3 SYSTEMPATH\CodeIgniter.php(366): CodeIgniter\CodeIgniter->handleRequest(null, Object(Config\Cache), false)
 4 FCPATH\index.php(67): CodeIgniter\CodeIgniter->run()
CRITICAL - 2023-08-25 15:55:09 --> Class "App\Model\UsersModel" not found
in APPPATH\Controllers\UsersController.php on line 11.
 1 SYSTEMPATH\CodeIgniter.php(932): App\Controllers\UsersController->index()
 2 SYSTEMPATH\CodeIgniter.php(497): CodeIgniter\CodeIgniter->runController(Object(App\Controllers\UsersController))
 3 SYSTEMPATH\CodeIgniter.php(366): CodeIgniter\CodeIgniter->handleRequest(null, Object(Config\Cache), false)
 4 FCPATH\index.php(67): CodeIgniter\CodeIgniter->run()
CRITICAL - 2023-08-25 15:55:09 --> Class "App\Model\UsersModel" not found
in APPPATH\Controllers\UsersController.php on line 11.
 1 SYSTEMPATH\CodeIgniter.php(932): App\Controllers\UsersController->index()
 2 SYSTEMPATH\CodeIgniter.php(497): CodeIgniter\CodeIgniter->runController(Object(App\Controllers\UsersController))
 3 SYSTEMPATH\CodeIgniter.php(366): CodeIgniter\CodeIgniter->handleRequest(null, Object(Config\Cache), false)
 4 FCPATH\index.php(67): CodeIgniter\CodeIgniter->run()
CRITICAL - 2023-08-25 15:56:07 --> Class "App\Model\UsersModel" not found
in APPPATH\Controllers\UsersController.php on line 11.
 1 SYSTEMPATH\CodeIgniter.php(932): App\Controllers\UsersController->index()
 2 SYSTEMPATH\CodeIgniter.php(497): CodeIgniter\CodeIgniter->runController(Object(App\Controllers\UsersController))
 3 SYSTEMPATH\CodeIgniter.php(366): CodeIgniter\CodeIgniter->handleRequest(null, Object(Config\Cache), false)
 4 FCPATH\index.php(67): CodeIgniter\CodeIgniter->run()
CRITICAL - 2023-08-25 15:56:08 --> Class "App\Model\UsersModel" not found
in APPPATH\Controllers\UsersController.php on line 11.
 1 SYSTEMPATH\CodeIgniter.php(932): App\Controllers\UsersController->index()
 2 SYSTEMPATH\CodeIgniter.php(497): CodeIgniter\CodeIgniter->runController(Object(App\Controllers\UsersController))
 3 SYSTEMPATH\CodeIgniter.php(366): CodeIgniter\CodeIgniter->handleRequest(null, Object(Config\Cache), false)
 4 FCPATH\index.php(67): CodeIgniter\CodeIgniter->run()
CRITICAL - 2023-08-25 15:56:09 --> Class "App\Model\UsersModel" not found
in APPPATH\Controllers\UsersController.php on line 11.
 1 SYSTEMPATH\CodeIgniter.php(932): App\Controllers\UsersController->index()
 2 SYSTEMPATH\CodeIgniter.php(497): CodeIgniter\CodeIgniter->runController(Object(App\Controllers\UsersController))
 3 SYSTEMPATH\CodeIgniter.php(366): CodeIgniter\CodeIgniter->handleRequest(null, Object(Config\Cache), false)
 4 FCPATH\index.php(67): CodeIgniter\CodeIgniter->run()
CRITICAL - 2023-08-25 15:56:09 --> Class "App\Model\UsersModel" not found
in APPPATH\Controllers\UsersController.php on line 11.
 1 SYSTEMPATH\CodeIgniter.php(932): App\Controllers\UsersController->index()
 2 SYSTEMPATH\CodeIgniter.php(497): CodeIgniter\CodeIgniter->runController(Object(App\Controllers\UsersController))
 3 SYSTEMPATH\CodeIgniter.php(366): CodeIgniter\CodeIgniter->handleRequest(null, Object(Config\Cache), false)
 4 FCPATH\index.php(67): CodeIgniter\CodeIgniter->run()
CRITICAL - 2023-08-25 15:56:52 --> Class "App\Model\UsersModel" not found
in APPPATH\Controllers\UsersController.php on line 11.
 1 SYSTEMPATH\CodeIgniter.php(932): App\Controllers\UsersController->index()
 2 SYSTEMPATH\CodeIgniter.php(497): CodeIgniter\CodeIgniter->runController(Object(App\Controllers\UsersController))
 3 SYSTEMPATH\CodeIgniter.php(366): CodeIgniter\CodeIgniter->handleRequest(null, Object(Config\Cache), false)
 4 FCPATH\index.php(67): CodeIgniter\CodeIgniter->run()
CRITICAL - 2023-08-25 15:56:52 --> Class "App\Model\UsersModel" not found
in APPPATH\Controllers\UsersController.php on line 11.
 1 SYSTEMPATH\CodeIgniter.php(932): App\Controllers\UsersController->index()
 2 SYSTEMPATH\CodeIgniter.php(497): CodeIgniter\CodeIgniter->runController(Object(App\Controllers\UsersController))
 3 SYSTEMPATH\CodeIgniter.php(366): CodeIgniter\CodeIgniter->handleRequest(null, Object(Config\Cache), false)
 4 FCPATH\index.php(67): CodeIgniter\CodeIgniter->run()
CRITICAL - 2023-08-25 15:56:52 --> Class "App\Model\UsersModel" not found
in APPPATH\Controllers\UsersController.php on line 11.
 1 SYSTEMPATH\CodeIgniter.php(932): App\Controllers\UsersController->index()
 2 SYSTEMPATH\CodeIgniter.php(497): CodeIgniter\CodeIgniter->runController(Object(App\Controllers\UsersController))
 3 SYSTEMPATH\CodeIgniter.php(366): CodeIgniter\CodeIgniter->handleRequest(null, Object(Config\Cache), false)
 4 FCPATH\index.php(67): CodeIgniter\CodeIgniter->run()
CRITICAL - 2023-08-25 17:08:08 --> syntax error, unexpected token ";", expecting "]"
in APPPATH\Controllers\UsersController.php on line 27.
 1 SYSTEMPATH\Router\Router.php(510): CodeIgniter\Router\AutoRouter->getRoute('UsersController/add', 'post')
 2 SYSTEMPATH\Router\Router.php(208): CodeIgniter\Router\Router->autoRoute('UsersController/add')
 3 SYSTEMPATH\CodeIgniter.php(813): CodeIgniter\Router\Router->handle('UsersController/add')
 4 SYSTEMPATH\CodeIgniter.php(447): CodeIgniter\CodeIgniter->tryToRouteIt(Object(CodeIgniter\Router\RouteCollection))
 5 SYSTEMPATH\CodeIgniter.php(366): CodeIgniter\CodeIgniter->handleRequest(null, Object(Config\Cache), false)
 6 FCPATH\index.php(67): CodeIgniter\CodeIgniter->run()
CRITICAL - 2023-08-25 17:08:55 --> syntax error, unexpected token ";", expecting "]"
in APPPATH\Controllers\UsersController.php on line 28.
 1 SYSTEMPATH\Router\Router.php(510): CodeIgniter\Router\AutoRouter->getRoute('UsersController/add', 'post')
 2 SYSTEMPATH\Router\Router.php(208): CodeIgniter\Router\Router->autoRoute('UsersController/add')
 3 SYSTEMPATH\CodeIgniter.php(813): CodeIgniter\Router\Router->handle('UsersController/add')
 4 SYSTEMPATH\CodeIgniter.php(447): CodeIgniter\CodeIgniter->tryToRouteIt(Object(CodeIgniter\Router\RouteCollection))
 5 SYSTEMPATH\CodeIgniter.php(366): CodeIgniter\CodeIgniter->handleRequest(null, Object(Config\Cache), false)
 6 FCPATH\index.php(67): CodeIgniter\CodeIgniter->run()
CRITICAL - 2023-08-25 17:09:57 --> syntax error, unexpected token ";", expecting "]"
in APPPATH\Controllers\UsersController.php on line 28.
 1 SYSTEMPATH\Router\Router.php(510): CodeIgniter\Router\AutoRouter->getRoute('UsersController/add', 'post')
 2 SYSTEMPATH\Router\Router.php(208): CodeIgniter\Router\Router->autoRoute('UsersController/add')
 3 SYSTEMPATH\CodeIgniter.php(813): CodeIgniter\Router\Router->handle('UsersController/add')
 4 SYSTEMPATH\CodeIgniter.php(447): CodeIgniter\CodeIgniter->tryToRouteIt(Object(CodeIgniter\Router\RouteCollection))
 5 SYSTEMPATH\CodeIgniter.php(366): CodeIgniter\CodeIgniter->handleRequest(null, Object(Config\Cache), false)
 6 FCPATH\index.php(67): CodeIgniter\CodeIgniter->run()
CRITICAL - 2023-08-25 17:10:46 --> syntax error, unexpected token "->"
in APPPATH\Controllers\UsersController.php on line 38.
 1 SYSTEMPATH\Router\Router.php(510): CodeIgniter\Router\AutoRouter->getRoute('UsersController/add', 'post')
 2 SYSTEMPATH\Router\Router.php(208): CodeIgniter\Router\Router->autoRoute('UsersController/add')
 3 SYSTEMPATH\CodeIgniter.php(813): CodeIgniter\Router\Router->handle('UsersController/add')
 4 SYSTEMPATH\CodeIgniter.php(447): CodeIgniter\CodeIgniter->tryToRouteIt(Object(CodeIgniter\Router\RouteCollection))
 5 SYSTEMPATH\CodeIgniter.php(366): CodeIgniter\CodeIgniter->handleRequest(null, Object(Config\Cache), false)
 6 FCPATH\index.php(67): CodeIgniter\CodeIgniter->run()
CRITICAL - 2023-08-25 17:11:10 --> syntax error, unexpected token "}", expecting ";"
in APPPATH\Controllers\UsersController.php on line 40.
 1 SYSTEMPATH\Router\Router.php(510): CodeIgniter\Router\AutoRouter->getRoute('UsersController/add', 'post')
 2 SYSTEMPATH\Router\Router.php(208): CodeIgniter\Router\Router->autoRoute('UsersController/add')
 3 SYSTEMPATH\CodeIgniter.php(813): CodeIgniter\Router\Router->handle('UsersController/add')
 4 SYSTEMPATH\CodeIgniter.php(447): CodeIgniter\CodeIgniter->tryToRouteIt(Object(CodeIgniter\Router\RouteCollection))
 5 SYSTEMPATH\CodeIgniter.php(366): CodeIgniter\CodeIgniter->handleRequest(null, Object(Config\Cache), false)
 6 FCPATH\index.php(67): CodeIgniter\CodeIgniter->run()
CRITICAL - 2023-08-25 17:11:54 --> Undefined variable $users
in APPPATH\Controllers\UsersController.php on line 38.
 1 APPPATH\Controllers\UsersController.php(38): CodeIgniter\Debug\Exceptions->errorHandler(2, 'Undefined variable $users', 'C:\\xampp2\\htdocs\\codeigniter4\\app\\Controllers\\UsersController.php', 38)
 2 SYSTEMPATH\CodeIgniter.php(932): App\Controllers\UsersController->add()
 3 SYSTEMPATH\CodeIgniter.php(497): CodeIgniter\CodeIgniter->runController(Object(App\Controllers\UsersController))
 4 SYSTEMPATH\CodeIgniter.php(366): CodeIgniter\CodeIgniter->handleRequest(null, Object(Config\Cache), false)
 5 FCPATH\index.php(67): CodeIgniter\CodeIgniter->run()
CRITICAL - 2023-08-25 17:12:46 --> The route for "UsersController" cannot be found.
in SYSTEMPATH\HTTP\RedirectResponse.php on line 60.
 1 SYSTEMPATH\HTTP\RedirectResponse.php(60): CodeIgniter\HTTP\Exceptions\HTTPException::forInvalidRedirectRoute('UsersController')
 2 SYSTEMPATH\Common.php(876): CodeIgniter\HTTP\RedirectResponse->route(false)
 3 APPPATH\Controllers\UsersController.php(39): redirect('UsersController')
 4 SYSTEMPATH\CodeIgniter.php(932): App\Controllers\UsersController->add()
 5 SYSTEMPATH\CodeIgniter.php(497): CodeIgniter\CodeIgniter->runController(Object(App\Controllers\UsersController))
 6 SYSTEMPATH\CodeIgniter.php(366): CodeIgniter\CodeIgniter->handleRequest(null, Object(Config\Cache), false)
 7 FCPATH\index.php(67): CodeIgniter\CodeIgniter->run()
CRITICAL - 2023-08-25 17:14:00 --> The route for "UsersController" cannot be found.
in SYSTEMPATH\HTTP\RedirectResponse.php on line 60.
 1 SYSTEMPATH\HTTP\RedirectResponse.php(60): CodeIgniter\HTTP\Exceptions\HTTPException::forInvalidRedirectRoute('UsersController')
 2 SYSTEMPATH\Common.php(876): CodeIgniter\HTTP\RedirectResponse->route(false)
 3 APPPATH\Controllers\UsersController.php(39): redirect('UsersController')
 4 SYSTEMPATH\CodeIgniter.php(932): App\Controllers\UsersController->add()
 5 SYSTEMPATH\CodeIgniter.php(497): CodeIgniter\CodeIgniter->runController(Object(App\Controllers\UsersController))
 6 SYSTEMPATH\CodeIgniter.php(366): CodeIgniter\CodeIgniter->handleRequest(null, Object(Config\Cache), false)
 7 FCPATH\index.php(67): CodeIgniter\CodeIgniter->run()
CRITICAL - 2023-08-25 17:14:36 --> The route for "UsersController/index" cannot be found.
in SYSTEMPATH\HTTP\RedirectResponse.php on line 60.
 1 SYSTEMPATH\HTTP\RedirectResponse.php(60): CodeIgniter\HTTP\Exceptions\HTTPException::forInvalidRedirectRoute('UsersController/index')
 2 SYSTEMPATH\Common.php(876): CodeIgniter\HTTP\RedirectResponse->route(false)
 3 APPPATH\Controllers\UsersController.php(39): redirect('UsersController/index')
 4 SYSTEMPATH\CodeIgniter.php(932): App\Controllers\UsersController->add()
 5 SYSTEMPATH\CodeIgniter.php(497): CodeIgniter\CodeIgniter->runController(Object(App\Controllers\UsersController))
 6 SYSTEMPATH\CodeIgniter.php(366): CodeIgniter\CodeIgniter->handleRequest(null, Object(Config\Cache), false)
 7 FCPATH\index.php(67): CodeIgniter\CodeIgniter->run()
CRITICAL - 2023-08-25 17:14:40 --> The route for "UsersController/index" cannot be found.
in SYSTEMPATH\HTTP\RedirectResponse.php on line 60.
 1 SYSTEMPATH\HTTP\RedirectResponse.php(60): CodeIgniter\HTTP\Exceptions\HTTPException::forInvalidRedirectRoute('UsersController/index')
 2 SYSTEMPATH\Common.php(876): CodeIgniter\HTTP\RedirectResponse->route(false)
 3 APPPATH\Controllers\UsersController.php(39): redirect('UsersController/index')
 4 SYSTEMPATH\CodeIgniter.php(932): App\Controllers\UsersController->add()
 5 SYSTEMPATH\CodeIgniter.php(497): CodeIgniter\CodeIgniter->runController(Object(App\Controllers\UsersController))
 6 SYSTEMPATH\CodeIgniter.php(366): CodeIgniter\CodeIgniter->handleRequest(null, Object(Config\Cache), false)
 7 FCPATH\index.php(67): CodeIgniter\CodeIgniter->run()
CRITICAL - 2023-08-25 17:14:57 --> The route for "UsersController/index" cannot be found.
in SYSTEMPATH\HTTP\RedirectResponse.php on line 60.
 1 SYSTEMPATH\HTTP\RedirectResponse.php(60): CodeIgniter\HTTP\Exceptions\HTTPException::forInvalidRedirectRoute('UsersController/index')
 2 SYSTEMPATH\Common.php(876): CodeIgniter\HTTP\RedirectResponse->route(false)
 3 APPPATH\Controllers\UsersController.php(39): redirect('UsersController/index')
 4 SYSTEMPATH\CodeIgniter.php(932): App\Controllers\UsersController->add()
 5 SYSTEMPATH\CodeIgniter.php(497): CodeIgniter\CodeIgniter->runController(Object(App\Controllers\UsersController))
 6 SYSTEMPATH\CodeIgniter.php(366): CodeIgniter\CodeIgniter->handleRequest(null, Object(Config\Cache), false)
 7 FCPATH\index.php(67): CodeIgniter\CodeIgniter->run()
CRITICAL - 2023-08-25 17:16:54 --> The route for "UsersController/index" cannot be found.
in SYSTEMPATH\HTTP\RedirectResponse.php on line 60.
 1 SYSTEMPATH\HTTP\RedirectResponse.php(60): CodeIgniter\HTTP\Exceptions\HTTPException::forInvalidRedirectRoute('UsersController/index')
 2 SYSTEMPATH\Common.php(876): CodeIgniter\HTTP\RedirectResponse->route(false)
 3 APPPATH\Controllers\UsersController.php(39): redirect('UsersController/index')
 4 SYSTEMPATH\CodeIgniter.php(932): App\Controllers\UsersController->add()
 5 SYSTEMPATH\CodeIgniter.php(497): CodeIgniter\CodeIgniter->runController(Object(App\Controllers\UsersController))
 6 SYSTEMPATH\CodeIgniter.php(366): CodeIgniter\CodeIgniter->handleRequest(null, Object(Config\Cache), false)
 7 FCPATH\index.php(67): CodeIgniter\CodeIgniter->run()
CRITICAL - 2023-08-25 17:16:57 --> The route for "UsersController/index" cannot be found.
in SYSTEMPATH\HTTP\RedirectResponse.php on line 60.
 1 SYSTEMPATH\HTTP\RedirectResponse.php(60): CodeIgniter\HTTP\Exceptions\HTTPException::forInvalidRedirectRoute('UsersController/index')
 2 SYSTEMPATH\Common.php(876): CodeIgniter\HTTP\RedirectResponse->route(false)
 3 APPPATH\Controllers\UsersController.php(39): redirect('UsersController/index')
 4 SYSTEMPATH\CodeIgniter.php(932): App\Controllers\UsersController->add()
 5 SYSTEMPATH\CodeIgniter.php(497): CodeIgniter\CodeIgniter->runController(Object(App\Controllers\UsersController))
 6 SYSTEMPATH\CodeIgniter.php(366): CodeIgniter\CodeIgniter->handleRequest(null, Object(Config\Cache), false)
 7 FCPATH\index.php(67): CodeIgniter\CodeIgniter->run()
CRITICAL - 2023-08-25 17:17:48 --> The route for "http://localhost/codeigniter4/UsersController/index" cannot be found.
in SYSTEMPATH\HTTP\RedirectResponse.php on line 60.
 1 SYSTEMPATH\HTTP\RedirectResponse.php(60): CodeIgniter\HTTP\Exceptions\HTTPException::forInvalidRedirectRoute('http://localhost/codeigniter4/UsersController/index')
 2 SYSTEMPATH\Common.php(876): CodeIgniter\HTTP\RedirectResponse->route(false)
 3 APPPATH\Controllers\UsersController.php(39): redirect('http://localhost/codeigniter4/UsersController/index')
 4 SYSTEMPATH\CodeIgniter.php(932): App\Controllers\UsersController->add()
 5 SYSTEMPATH\CodeIgniter.php(497): CodeIgniter\CodeIgniter->runController(Object(App\Controllers\UsersController))
 6 SYSTEMPATH\CodeIgniter.php(366): CodeIgniter\CodeIgniter->handleRequest(null, Object(Config\Cache), false)
 7 FCPATH\index.php(67): CodeIgniter\CodeIgniter->run()
CRITICAL - 2023-08-25 17:19:21 --> The route for "Users" cannot be found.
in SYSTEMPATH\HTTP\RedirectResponse.php on line 60.
 1 SYSTEMPATH\HTTP\RedirectResponse.php(60): CodeIgniter\HTTP\Exceptions\HTTPException::forInvalidRedirectRoute('Users')
 2 SYSTEMPATH\Common.php(876): CodeIgniter\HTTP\RedirectResponse->route(false)
 3 APPPATH\Controllers\UsersController.php(39): redirect('Users')
 4 SYSTEMPATH\CodeIgniter.php(932): App\Controllers\UsersController->add()
 5 SYSTEMPATH\CodeIgniter.php(497): CodeIgniter\CodeIgniter->runController(Object(App\Controllers\UsersController))
 6 SYSTEMPATH\CodeIgniter.php(366): CodeIgniter\CodeIgniter->handleRequest(null, Object(Config\Cache), false)
 7 FCPATH\index.php(67): CodeIgniter\CodeIgniter->run()
CRITICAL - 2023-08-25 17:19:28 --> The route for "Users" cannot be found.
in SYSTEMPATH\HTTP\RedirectResponse.php on line 60.
 1 SYSTEMPATH\HTTP\RedirectResponse.php(60): CodeIgniter\HTTP\Exceptions\HTTPException::forInvalidRedirectRoute('Users')
 2 SYSTEMPATH\Common.php(876): CodeIgniter\HTTP\RedirectResponse->route(false)
 3 APPPATH\Controllers\UsersController.php(39): redirect('Users')
 4 SYSTEMPATH\CodeIgniter.php(932): App\Controllers\UsersController->add()
 5 SYSTEMPATH\CodeIgniter.php(497): CodeIgniter\CodeIgniter->runController(Object(App\Controllers\UsersController))
 6 SYSTEMPATH\CodeIgniter.php(366): CodeIgniter\CodeIgniter->handleRequest(null, Object(Config\Cache), false)
 7 FCPATH\index.php(67): CodeIgniter\CodeIgniter->run()
INFO - 2023-08-25 17:19:59 --> Session: Class initialized using 'CodeIgniter\Session\Handlers\FileHandler' driver.
INFO - 2023-08-25 17:32:35 --> Session: Class initialized using 'CodeIgniter\Session\Handlers\FileHandler' driver.
INFO - 2023-08-25 17:32:48 --> Session: Class initialized using 'CodeIgniter\Session\Handlers\FileHandler' driver.
INFO - 2023-08-25 17:32:48 --> Session: Class initialized using 'CodeIgniter\Session\Handlers\FileHandler' driver.
INFO - 2023-08-25 17:32:56 --> Session: Class initialized using 'CodeIgniter\Session\Handlers\FileHandler' driver.
INFO - 2023-08-25 17:32:58 --> Session: Class initialized using 'CodeIgniter\Session\Handlers\FileHandler' driver.
INFO - 2023-08-25 17:33:08 --> Session: Class initialized using 'CodeIgniter\Session\Handlers\FileHandler' driver.
INFO - 2023-08-25 17:33:09 --> Session: Class initialized using 'CodeIgniter\Session\Handlers\FileHandler' driver.
INFO - 2023-08-25 17:33:32 --> Session: Class initialized using 'CodeIgniter\Session\Handlers\FileHandler' driver.
INFO - 2023-08-25 17:33:42 --> Session: Class initialized using 'CodeIgniter\Session\Handlers\FileHandler' driver.
INFO - 2023-08-25 17:33:42 --> Session: Class initialized using 'CodeIgniter\Session\Handlers\FileHandler' driver.
INFO - 2023-08-25 17:34:50 --> Session: Class initialized using 'CodeIgniter\Session\Handlers\FileHandler' driver.
INFO - 2023-08-25 17:35:00 --> Session: Class initialized using 'CodeIgniter\Session\Handlers\FileHandler' driver.
INFO - 2023-08-25 17:35:00 --> Session: Class initialized using 'CodeIgniter\Session\Handlers\FileHandler' driver.
INFO - 2023-08-25 17:37:40 --> Session: Class initialized using 'CodeIgniter\Session\Handlers\FileHandler' driver.
INFO - 2023-08-25 17:37:50 --> Session: Class initialized using 'CodeIgniter\Session\Handlers\FileHandler' driver.
INFO - 2023-08-25 17:37:50 --> Session: Class initialized using 'CodeIgniter\Session\Handlers\FileHandler' driver.
INFO - 2023-08-25 17:38:17 --> Session: Class initialized using 'CodeIgniter\Session\Handlers\FileHandler' driver.
INFO - 2023-08-25 17:38:27 --> Session: Class initialized using 'CodeIgniter\Session\Handlers\FileHandler' driver.
INFO - 2023-08-25 17:38:27 --> Session: Class initialized using 'CodeIgniter\Session\Handlers\FileHandler' driver.
INFO - 2023-08-25 17:40:24 --> Session: Class initialized using 'CodeIgniter\Session\Handlers\FileHandler' driver.
INFO - 2023-08-25 17:40:31 --> Session: Class initialized using 'CodeIgniter\Session\Handlers\FileHandler' driver.
INFO - 2023-08-25 17:40:31 --> Session: Class initialized using 'CodeIgniter\Session\Handlers\FileHandler' driver.
INFO - 2023-08-25 17:41:03 --> Session: Class initialized using 'CodeIgniter\Session\Handlers\FileHandler' driver.
INFO - 2023-08-25 17:41:03 --> Session: Class initialized using 'CodeIgniter\Session\Handlers\FileHandler' driver.
INFO - 2023-08-25 17:41:26 --> Session: Class initialized using 'CodeIgniter\Session\Handlers\FileHandler' driver.
INFO - 2023-08-25 17:41:34 --> Session: Class initialized using 'CodeIgniter\Session\Handlers\FileHandler' driver.
INFO - 2023-08-25 17:41:34 --> Session: Class initialized using 'CodeIgniter\Session\Handlers\FileHandler' driver.
INFO - 2023-08-25 17:41:50 --> Session: Class initialized using 'CodeIgniter\Session\Handlers\FileHandler' driver.
INFO - 2023-08-25 17:42:11 --> Session: Class initialized using 'CodeIgniter\Session\Handlers\FileHandler' driver.
INFO - 2023-08-25 17:42:19 --> Session: Class initialized using 'CodeIgniter\Session\Handlers\FileHandler' driver.
INFO - 2023-08-25 17:42:19 --> Session: Class initialized using 'CodeIgniter\Session\Handlers\FileHandler' driver.
INFO - 2023-08-25 17:43:26 --> Session: Class initialized using 'CodeIgniter\Session\Handlers\FileHandler' driver.
INFO - 2023-08-25 17:43:52 --> Session: Class initialized using 'CodeIgniter\Session\Handlers\FileHandler' driver.
INFO - 2023-08-25 17:50:18 --> Session: Class initialized using 'CodeIgniter\Session\Handlers\FileHandler' driver.
INFO - 2023-08-25 17:50:23 --> Session: Class initialized using 'CodeIgniter\Session\Handlers\FileHandler' driver.
INFO - 2023-08-25 17:53:55 --> Session: Class initialized using 'CodeIgniter\Session\Handlers\FileHandler' driver.
INFO - 2023-08-25 17:54:06 --> Session: Class initialized using 'CodeIgniter\Session\Handlers\FileHandler' driver.
INFO - 2023-08-25 17:56:26 --> Session: Class initialized using 'CodeIgniter\Session\Handlers\FileHandler' driver.
INFO - 2023-08-25 17:56:31 --> Session: Class initialized using 'CodeIgniter\Session\Handlers\FileHandler' driver.
INFO - 2023-08-25 17:58:35 --> Session: Class initialized using 'CodeIgniter\Session\Handlers\FileHandler' driver.
INFO - 2023-08-25 17:58:48 --> Session: Class initialized using 'CodeIgniter\Session\Handlers\FileHandler' driver.
INFO - 2023-08-25 17:58:49 --> Session: Class initialized using 'CodeIgniter\Session\Handlers\FileHandler' driver.
INFO - 2023-08-25 17:58:56 --> Session: Class initialized using 'CodeIgniter\Session\Handlers\FileHandler' driver.
INFO - 2023-08-25 17:58:56 --> Session: Class initialized using 'CodeIgniter\Session\Handlers\FileHandler' driver.
INFO - 2023-08-25 17:59:24 --> Session: Class initialized using 'CodeIgniter\Session\Handlers\FileHandler' driver.
INFO - 2023-08-25 17:59:25 --> Session: Class initialized using 'CodeIgniter\Session\Handlers\FileHandler' driver.
INFO - 2023-08-25 17:59:26 --> Session: Class initialized using 'CodeIgniter\Session\Handlers\FileHandler' driver.
INFO - 2023-08-25 18:00:23 --> Session: Class initialized using 'CodeIgniter\Session\Handlers\FileHandler' driver.
INFO - 2023-08-25 18:00:58 --> Session: Class initialized using 'CodeIgniter\Session\Handlers\FileHandler' driver.
INFO - 2023-08-25 18:01:12 --> Session: Class initialized using 'CodeIgniter\Session\Handlers\FileHandler' driver.
INFO - 2023-08-25 18:01:35 --> Session: Class initialized using 'CodeIgniter\Session\Handlers\FileHandler' driver.
INFO - 2023-08-25 18:02:02 --> Session: Class initialized using 'CodeIgniter\Session\Handlers\FileHandler' driver.
INFO - 2023-08-25 18:02:05 --> Session: Class initialized using 'CodeIgniter\Session\Handlers\FileHandler' driver.
INFO - 2023-08-25 18:02:32 --> Session: Class initialized using 'CodeIgniter\Session\Handlers\FileHandler' driver.
INFO - 2023-08-25 18:02:36 --> Session: Class initialized using 'CodeIgniter\Session\Handlers\FileHandler' driver.
INFO - 2023-08-25 18:03:45 --> Session: Class initialized using 'CodeIgniter\Session\Handlers\FileHandler' driver.
INFO - 2023-08-25 18:03:48 --> Session: Class initialized using 'CodeIgniter\Session\Handlers\FileHandler' driver.
INFO - 2023-08-25 18:04:16 --> Session: Class initialized using 'CodeIgniter\Session\Handlers\FileHandler' driver.
INFO - 2023-08-25 18:04:20 --> Session: Class initialized using 'CodeIgniter\Session\Handlers\FileHandler' driver.
INFO - 2023-08-25 18:04:40 --> Session: Class initialized using 'CodeIgniter\Session\Handlers\FileHandler' driver.
INFO - 2023-08-25 18:05:08 --> Session: Class initialized using 'CodeIgniter\Session\Handlers\FileHandler' driver.
INFO - 2023-08-25 18:05:11 --> Session: Class initialized using 'CodeIgniter\Session\Handlers\FileHandler' driver.
INFO - 2023-08-25 18:05:14 --> Session: Class initialized using 'CodeIgniter\Session\Handlers\FileHandler' driver.
INFO - 2023-08-25 18:05:19 --> Session: Class initialized using 'CodeIgniter\Session\Handlers\FileHandler' driver.
INFO - 2023-08-25 18:05:23 --> Session: Class initialized using 'CodeIgniter\Session\Handlers\FileHandler' driver.
INFO - 2023-08-25 18:05:27 --> Session: Class initialized using 'CodeIgniter\Session\Handlers\FileHandler' driver.
INFO - 2023-08-25 18:05:28 --> Session: Class initialized using 'CodeIgniter\Session\Handlers\FileHandler' driver.
INFO - 2023-08-25 18:05:32 --> Session: Class initialized using 'CodeIgniter\Session\Handlers\FileHandler' driver.
INFO - 2023-08-25 18:05:34 --> Session: Class initialized using 'CodeIgniter\Session\Handlers\FileHandler' driver.
